
 *------------------------------------------------------------------------------------* 
 |                                                                                    | 
 |  *------------------------------------------------------------------------------*  | 
 |  |                                                                              |  | 
 |  |                                                                              |  | 
 |  |   PPP   Y   Y  TTTTT  H   H  III    A      Welcome to the Lund Monte Carlo!  |  | 
 |  |   P  P   Y Y     T    H   H   I    A A     This is PYTHIA version 8.310      |  | 
 |  |   PPP     Y      T    HHHHH   I   AAAAA    Last date of change: 25 Jul 2023  |  | 
 |  |   P       Y      T    H   H   I   A   A                                      |  | 
 |  |   P       Y      T    H   H  III  A   A    Now is 22 Feb 2026 at 17:30:27    |  | 
 |  |                                                                              |  | 
 |  |   Program documentation and an archive of historic versions is found on:     |  | 
 |  |                                                                              |  | 
 |  |                               https://pythia.org/                            |  | 
 |  |                                                                              |  | 
 |  |   PYTHIA is authored by a collaboration consisting of:                       |  | 
 |  |                                                                              |  | 
 |  |   Christian Bierlich, Naomi Cooke, Nishita Desai, Leif Gellersen,            |  | 
 |  |   Ilkka Helenius, Philip Ilten, Leif Lonnblad, Stephen Mrenna,               |  | 
 |  |   Stefan Prestel, Christian Preuss, Torbjorn Sjostrand, Peter Skands,        |  | 
 |  |   Marius Utheim and Rob Verheyen.                                            |  | 
 |  |                                                                              |  | 
 |  |   The complete list of authors, including contact information and            |  | 
 |  |   affiliations, can be found on https://pythia.org/.                         |  | 
 |  |   Problems or bugs should be reported on email at authors@pythia.org.        |  | 
 |  |                                                                              |  | 
 |  |   The main program reference is C. Bierlich et al,                           |  | 
 |  |   'A comprehensive guide to the physics and usage of Pythia 8.3',            |  | 
 |  |   SciPost Phys. Codebases 8-r8.3 (2022) [arXiv:2203.11601 [hep-ph]]          |  | 
 |  |                                                                              |  | 
 |  |   PYTHIA is released under the GNU General Public Licence version 2 or later.|  | 
 |  |   Please respect the MCnet Guidelines for Event Generator Authors and Users. |  | 
 |  |                                                                              |  | 
 |  |   Disclaimer: this program comes without any guarantees.                     |  | 
 |  |   Beware of errors and use common sense when interpreting results.           |  | 
 |  |                                                                              |  | 
 |  |   Copyright (C) 2023 Torbjorn Sjostrand                                      |  | 
 |  |                                                                              |  | 
 |  |                                                                              |  | 
 |  *------------------------------------------------------------------------------*  | 
 |                                                                                    | 
 *------------------------------------------------------------------------------------* 

 PYTHIA Warning in MultipartonInteractions::init: maximum increased by factor 4.156
 PYTHIA Warning in SimpleSpaceShower::pT2nextQCD: weight above unity

 *-------  PYTHIA Event and Cross Section Statistics  -------------------------------------------------------------*
 |                                                                                                                 |
 | Subprocess                                    Code |            Number of events       |      sigma +- delta    |
 |                                                    |       Tried   Selected   Accepted |     (estimated) (mb)   |
 |                                                    |                                   |                        |
 |-----------------------------------------------------------------------------------------------------------------|
 |                                                    |                                   |                        |
 | non-diffractive                                101 |         142        142        142 |   5.642e+01  3.355e-07 |
 | A B -> X B single diffractive                  103 |          14         14         14 |   6.416e+00  0.000e+00 |
 | A B -> A X single diffractive                  104 |          22         22         22 |   6.416e+00  1.605e-08 |
 | A B -> X X double diffractive                  105 |          22         22         22 |   8.798e+00  0.000e+00 |
 |                                                    |                                   |                        |
 | sum                                                |         200        200        200 |   7.805e+01  3.359e-07 |
 |                                                                                                                 |
 *-------  End PYTHIA Event and Cross Section Statistics ----------------------------------------------------------*

 *-------  PYTHIA Error and Warning Messages Statistics  ----------------------------------------------------------* 
 |                                                                                                                 | 
 |  times   message                                                                                                | 
 |                                                                                                                 | 
 |      3   Warning in MultipartonInteractions::init: maximum increased                                            | 
 |      1   Warning in SimpleSpaceShower::pT2nextQCD: weight above unity                                           | 
 |                                                                                                                 | 
 *-------  End PYTHIA Error and Warning Messages Statistics  ------------------------------------------------------* 

Replication setup:
  attempted events = 200
  generated events = 200
  seed   = 8310
  cuts   = all 4 muons in 2<eta<5, pT(lead2)>0.5 GeV, pT(trail2)>0.1 GeV
  BRs    = eta 5e-9, eta' 1.7e-8
  sigmaGen from PYTHIA (mb) = 78.048501

eta (221) summary
  produced/event                 = 4.415000
  pass eta(2<eta<5)/event        = 0.640000
  pass eta+pT/event              = 0.060000
  pass eta fraction              = 0.144960
  pass eta+pT fraction           = 0.013590
  estimated observed events      = 150000.000000  (sigma=100.000000 mb, L=5.000000 fb^-1, BR=5.000000e-09)

eta' (331) summary
  produced/event                 = 0.615000
  pass eta(2<eta<5)/event        = 0.070000
  pass eta+pT/event              = 0.020000
  pass eta fraction              = 0.113821
  pass eta+pT fraction           = 0.032520
  estimated observed events      = 170000.000000  (sigma=100.000000 mb, L=5.000000 fb^-1, BR=1.700000e-08)
