
 *------------------------------------------------------------------------------------* 
 |                                                                                    | 
 |  *------------------------------------------------------------------------------*  | 
 |  |                                                                              |  | 
 |  |                                                                              |  | 
 |  |   PPP   Y   Y  TTTTT  H   H  III    A      Welcome to the Lund Monte Carlo!  |  | 
 |  |   P  P   Y Y     T    H   H   I    A A     This is PYTHIA version 8.310      |  | 
 |  |   PPP     Y      T    HHHHH   I   AAAAA    Last date of change: 25 Jul 2023  |  | 
 |  |   P       Y      T    H   H   I   A   A                                      |  | 
 |  |   P       Y      T    H   H  III  A   A    Now is 22 Feb 2026 at 17:32:07    |  | 
 |  |                                                                              |  | 
 |  |   Program documentation and an archive of historic versions is found on:     |  | 
 |  |                                                                              |  | 
 |  |                               https://pythia.org/                            |  | 
 |  |                                                                              |  | 
 |  |   PYTHIA is authored by a collaboration consisting of:                       |  | 
 |  |                                                                              |  | 
 |  |   Christian Bierlich, Naomi Cooke, Nishita Desai, Leif Gellersen,            |  | 
 |  |   Ilkka Helenius, Philip Ilten, Leif Lonnblad, Stephen Mrenna,               |  | 
 |  |   Stefan Prestel, Christian Preuss, Torbjorn Sjostrand, Peter Skands,        |  | 
 |  |   Marius Utheim and Rob Verheyen.                                            |  | 
 |  |                                                                              |  | 
 |  |   The complete list of authors, including contact information and            |  | 
 |  |   affiliations, can be found on https://pythia.org/.                         |  | 
 |  |   Problems or bugs should be reported on email at authors@pythia.org.        |  | 
 |  |                                                                              |  | 
 |  |   The main program reference is C. Bierlich et al,                           |  | 
 |  |   'A comprehensive guide to the physics and usage of Pythia 8.3',            |  | 
 |  |   SciPost Phys. Codebases 8-r8.3 (2022) [arXiv:2203.11601 [hep-ph]]          |  | 
 |  |                                                                              |  | 
 |  |   PYTHIA is released under the GNU General Public Licence version 2 or later.|  | 
 |  |   Please respect the MCnet Guidelines for Event Generator Authors and Users. |  | 
 |  |                                                                              |  | 
 |  |   Disclaimer: this program comes without any guarantees.                     |  | 
 |  |   Beware of errors and use common sense when interpreting results.           |  | 
 |  |                                                                              |  | 
 |  |   Copyright (C) 2023 Torbjorn Sjostrand                                      |  | 
 |  |                                                                              |  | 
 |  |                                                                              |  | 
 |  *------------------------------------------------------------------------------*  | 
 |                                                                                    | 
 *------------------------------------------------------------------------------------* 


Replication setup:
  attempted events = 10
  generated events = 10
  seed   = 8310
  cuts   = all 4 muons in 2<eta<5, pT(lead2)>0.5 GeV, pT(trail2)>0.1 GeV
  BRs    = eta 5e-9, eta' 1.7e-8
  sigmaGen from PYTHIA (mb) = 69.250590

eta (221) summary
  produced/event                 = 4.100000
  pass eta(2<eta<5)/event        = 0.300000
  pass eta+pT/event              = 0.000000
  pass eta fraction              = 0.073171
  pass eta+pT fraction           = 0.000000
  estimated observed events      = 0.000000  (sigma=100.000000 mb, L=5.000000 fb^-1, BR=5.000000e-09)

eta' (331) summary
  produced/event                 = 1.200000
  pass eta(2<eta<5)/event        = 0.100000
  pass eta+pT/event              = 0.100000
  pass eta fraction              = 0.083333
  pass eta+pT fraction           = 0.083333
  estimated observed events      = 850000.000000  (sigma=100.000000 mb, L=5.000000 fb^-1, BR=1.700000e-08)
