
 *------------------------------------------------------------------------------------* 
 |                                                                                    | 
 |  *------------------------------------------------------------------------------*  | 
 |  |                                                                              |  | 
 |  |                                                                              |  | 
 |  |   PPP   Y   Y  TTTTT  H   H  III    A      Welcome to the Lund Monte Carlo!  |  | 
 |  |   P  P   Y Y     T    H   H   I    A A     This is PYTHIA version 8.310      |  | 
 |  |   PPP     Y      T    HHHHH   I   AAAAA    Last date of change: 25 Jul 2023  |  | 
 |  |   P       Y      T    H   H   I   A   A                                      |  | 
 |  |   P       Y      T    H   H  III  A   A    Now is 22 Feb 2026 at 19:18:57    |  | 
 |  |                                                                              |  | 
 |  |   Program documentation and an archive of historic versions is found on:     |  | 
 |  |                                                                              |  | 
 |  |                               https://pythia.org/                            |  | 
 |  |                                                                              |  | 
 |  |   PYTHIA is authored by a collaboration consisting of:                       |  | 
 |  |                                                                              |  | 
 |  |   Christian Bierlich, Naomi Cooke, Nishita Desai, Leif Gellersen,            |  | 
 |  |   Ilkka Helenius, Philip Ilten, Leif Lonnblad, Stephen Mrenna,               |  | 
 |  |   Stefan Prestel, Christian Preuss, Torbjorn Sjostrand, Peter Skands,        |  | 
 |  |   Marius Utheim and Rob Verheyen.                                            |  | 
 |  |                                                                              |  | 
 |  |   The complete list of authors, including contact information and            |  | 
 |  |   affiliations, can be found on https://pythia.org/.                         |  | 
 |  |   Problems or bugs should be reported on email at authors@pythia.org.        |  | 
 |  |                                                                              |  | 
 |  |   The main program reference is C. Bierlich et al,                           |  | 
 |  |   'A comprehensive guide to the physics and usage of Pythia 8.3',            |  | 
 |  |   SciPost Phys. Codebases 8-r8.3 (2022) [arXiv:2203.11601 [hep-ph]]          |  | 
 |  |                                                                              |  | 
 |  |   PYTHIA is released under the GNU General Public Licence version 2 or later.|  | 
 |  |   Please respect the MCnet Guidelines for Event Generator Authors and Users. |  | 
 |  |                                                                              |  | 
 |  |   Disclaimer: this program comes without any guarantees.                     |  | 
 |  |   Beware of errors and use common sense when interpreting results.           |  | 
 |  |                                                                              |  | 
 |  |   Copyright (C) 2023 Torbjorn Sjostrand                                      |  | 
 |  |                                                                              |  | 
 |  |                                                                              |  | 
 |  *------------------------------------------------------------------------------*  | 
 |                                                                                    | 
 *------------------------------------------------------------------------------------* 


 *-------  PYTHIA Process Initialization  --------------------------*
 |                                                                  |
 | We collide p+ with p+ at a CM energy of 1.160e+04 GeV            |
 |                                                                  |
 |------------------------------------------------------------------|
 |                                                    |             |
 | Subprocess                                    Code |   Estimated |
 |                                                    |    max (mb) |
 |                                                    |             |
 |------------------------------------------------------------------|
 |                                                    |             |
 | non-diffractive                                101 |   5.529e+01 |
 | A B -> X B single diffractive                  103 |   6.375e+00 |
 | A B -> A X single diffractive                  104 |   6.375e+00 |
 | A B -> X X double diffractive                  105 |   8.670e+00 |
 | A B -> A X B central diffractive               106 |   0.000e+00 |
 |                                                                  |
 *-------  End PYTHIA Process Initialization -----------------------*

 *-------  PYTHIA Multiparton Interactions Initialization  ---------* 
 |                                                                  | 
 |                   sigmaNonDiffractive =    55.29 mb              | 
 |                                                                  | 
 |    pT0 =  2.54 gives sigmaInteraction =   324.19 mb: accepted    | 
 |                                                                  | 
 *-------  End PYTHIA Multiparton Interactions Initialization  -----* 

 *-------  PYTHIA Multiparton Interactions Initialization  ---------* 
 |                                                                  | 
 |   diffraction XB for p+ on p+                                    | 
 |                                                                  | 
 |   diffractive mass = 1.00e+01 GeV and sigmaNorm =    10.00 mb    | 
 |    pT0 =  0.56 gives sigmaInteraction =    30.13 mb: accepted    | 
 |   diffractive mass = 1.60e+01 GeV and sigmaNorm =    10.00 mb    | 
 |    pT0 =  0.62 gives sigmaInteraction =    30.85 mb: accepted    | 
 |   diffractive mass = 2.56e+01 GeV and sigmaNorm =    10.00 mb    | 
 |    pT0 =  0.68 gives sigmaInteraction =    29.92 mb: accepted    | 
 |   diffractive mass = 4.10e+01 GeV and sigmaNorm =    10.00 mb    | 
 |    pT0 =  0.76 gives sigmaInteraction =    28.04 mb: accepted    | 
 |   diffractive mass = 6.56e+01 GeV and sigmaNorm =    10.00 mb    | 
 |    pT0 =  0.84 gives sigmaInteraction =    26.22 mb: accepted    | 
 |   diffractive mass = 1.05e+02 GeV and sigmaNorm =    10.00 mb    | 
 |    pT0 =  0.92 gives sigmaInteraction =    24.30 mb: accepted    | 
 |   diffractive mass = 1.68e+02 GeV and sigmaNorm =    10.00 mb    | 
 |    pT0 =  1.02 gives sigmaInteraction =    23.24 mb: accepted    | 
 |   diffractive mass = 2.69e+02 GeV and sigmaNorm =    10.00 mb    | 
 |    pT0 =  1.13 gives sigmaInteraction =    22.80 mb: accepted    | 
 |   diffractive mass = 4.31e+02 GeV and sigmaNorm =    10.00 mb    | 
 |    pT0 =  1.25 gives sigmaInteraction =    23.41 mb: accepted    | 
 |   diffractive mass = 6.90e+02 GeV and sigmaNorm =    10.00 mb    | 
 |    pT0 =  1.39 gives sigmaInteraction =    25.10 mb: accepted    | 
 |   diffractive mass = 1.10e+03 GeV and sigmaNorm =    10.00 mb    | 
 |    pT0 =  1.53 gives sigmaInteraction =    27.99 mb: accepted    | 
 |   diffractive mass = 1.77e+03 GeV and sigmaNorm =    10.00 mb    | 
 |    pT0 =  1.70 gives sigmaInteraction =    31.59 mb: accepted    | 
 |   diffractive mass = 2.83e+03 GeV and sigmaNorm =    10.00 mb    | 
 |    pT0 =  1.88 gives sigmaInteraction =    36.12 mb: accepted    | 
 |   diffractive mass = 4.53e+03 GeV and sigmaNorm =    10.00 mb    | 
 |    pT0 =  2.08 gives sigmaInteraction =    41.72 mb: accepted    | 
 |   diffractive mass = 7.25e+03 GeV and sigmaNorm =    10.00 mb    | 
 |    pT0 =  2.30 gives sigmaInteraction =    48.16 mb: accepted    | 
 |   diffractive mass = 1.16e+04 GeV and sigmaNorm =    10.00 mb    | 
 |    pT0 =  2.54 gives sigmaInteraction =    55.71 mb: accepted    | 
 |                                                                  | 
 *-------  End PYTHIA Multiparton Interactions Initialization  -----* 
 PYTHIA Warning in MultipartonInteractions::init: maximum increased by factor 5.473

 *-------  PYTHIA Multiparton Interactions Initialization  ---------* 
 |                                                                  | 
 |   diffraction AX for p+ on p+                                    | 
 |                                                                  | 
 |   diffractive mass = 1.00e+01 GeV and sigmaNorm =    10.00 mb    | 
 |    pT0 =  0.56 gives sigmaInteraction =    30.30 mb: accepted    | 
 |   diffractive mass = 1.60e+01 GeV and sigmaNorm =    10.00 mb    | 
 |    pT0 =  0.62 gives sigmaInteraction =    30.84 mb: accepted    | 
 |   diffractive mass = 2.56e+01 GeV and sigmaNorm =    10.00 mb    | 
 |    pT0 =  0.68 gives sigmaInteraction =    29.90 mb: accepted    | 
 |   diffractive mass = 4.10e+01 GeV and sigmaNorm =    10.00 mb    | 
 |    pT0 =  0.76 gives sigmaInteraction =    28.26 mb: accepted    | 
 |   diffractive mass = 6.56e+01 GeV and sigmaNorm =    10.00 mb    | 
 |    pT0 =  0.84 gives sigmaInteraction =    26.08 mb: accepted    | 
 |   diffractive mass = 1.05e+02 GeV and sigmaNorm =    10.00 mb    | 
 |    pT0 =  0.92 gives sigmaInteraction =    24.39 mb: accepted    | 
 |   diffractive mass = 1.68e+02 GeV and sigmaNorm =    10.00 mb    | 
 |    pT0 =  1.02 gives sigmaInteraction =    23.00 mb: accepted    | 
 |   diffractive mass = 2.69e+02 GeV and sigmaNorm =    10.00 mb    | 
 |    pT0 =  1.13 gives sigmaInteraction =    22.88 mb: accepted    | 
 |   diffractive mass = 4.31e+02 GeV and sigmaNorm =    10.00 mb    | 
 |    pT0 =  1.25 gives sigmaInteraction =    23.53 mb: accepted    | 
 |   diffractive mass = 6.90e+02 GeV and sigmaNorm =    10.00 mb    | 
 |    pT0 =  1.39 gives sigmaInteraction =    25.10 mb: accepted    | 
 |   diffractive mass = 1.10e+03 GeV and sigmaNorm =    10.00 mb    | 
 |    pT0 =  1.53 gives sigmaInteraction =    27.79 mb: accepted    | 
 |   diffractive mass = 1.77e+03 GeV and sigmaNorm =    10.00 mb    | 
 |    pT0 =  1.70 gives sigmaInteraction =    31.85 mb: accepted    | 
 |   diffractive mass = 2.83e+03 GeV and sigmaNorm =    10.00 mb    | 
 |    pT0 =  1.88 gives sigmaInteraction =    36.07 mb: accepted    | 
 |   diffractive mass = 4.53e+03 GeV and sigmaNorm =    10.00 mb    | 
 |    pT0 =  2.08 gives sigmaInteraction =    41.79 mb: accepted    | 
 |   diffractive mass = 7.25e+03 GeV and sigmaNorm =    10.00 mb    | 
 |    pT0 =  2.30 gives sigmaInteraction =    48.54 mb: accepted    | 
 |   diffractive mass = 1.16e+04 GeV and sigmaNorm =    10.00 mb    | 
 |    pT0 =  2.54 gives sigmaInteraction =    55.52 mb: accepted    | 
 |                                                                  | 
 *-------  End PYTHIA Multiparton Interactions Initialization  -----* 

 *-------  PYTHIA Multiparton Interactions Initialization  ---------* 
 |                                                                  | 
 |   diffraction AXB for p+ on p+                                   | 
 |                                                                  | 
 |   diffractive mass = 1.00e+01 GeV and sigmaNorm =    10.00 mb    | 
 |    pT0 =  0.56 gives sigmaInteraction =     5.89 mb: rejected    | 
 |    pT0 =  0.50 gives sigmaInteraction =     8.82 mb: rejected    | 
 |    pT0 =  0.45 gives sigmaInteraction =    13.11 mb: accepted    | 
 |   diffractive mass = 1.60e+01 GeV and sigmaNorm =    10.00 mb    | 
 |    pT0 =  0.62 gives sigmaInteraction =     4.80 mb: rejected    | 
 |    pT0 =  0.56 gives sigmaInteraction =     6.99 mb: rejected    | 
 |    pT0 =  0.50 gives sigmaInteraction =    10.37 mb: rejected    | 
 |    pT0 =  0.45 gives sigmaInteraction =    15.33 mb: accepted    | 
 |   diffractive mass = 2.56e+01 GeV and sigmaNorm =    10.00 mb    | 
 |    pT0 =  0.68 gives sigmaInteraction =     3.89 mb: rejected    | 
 |    pT0 =  0.61 gives sigmaInteraction =     5.55 mb: rejected    | 
 |    pT0 =  0.55 gives sigmaInteraction =     7.92 mb: rejected    | 
 |    pT0 =  0.50 gives sigmaInteraction =    11.57 mb: accepted    | 
 |   diffractive mass = 4.10e+01 GeV and sigmaNorm =    10.00 mb    | 
 |    pT0 =  0.76 gives sigmaInteraction =     3.18 mb: rejected    | 
 |    pT0 =  0.68 gives sigmaInteraction =     4.41 mb: rejected    | 
 |    pT0 =  0.61 gives sigmaInteraction =     6.21 mb: rejected    | 
 |    pT0 =  0.55 gives sigmaInteraction =     8.80 mb: rejected    | 
 |    pT0 =  0.50 gives sigmaInteraction =    12.63 mb: accepted    | 
 |   diffractive mass = 6.56e+01 GeV and sigmaNorm =    10.00 mb    | 
 |    pT0 =  0.84 gives sigmaInteraction =     2.74 mb: rejected    | 
 |    pT0 =  0.75 gives sigmaInteraction =     3.69 mb: rejected    | 
 |    pT0 =  0.68 gives sigmaInteraction =     5.02 mb: rejected    | 
 |    pT0 =  0.61 gives sigmaInteraction =     6.87 mb: rejected    | 
 |    pT0 =  0.55 gives sigmaInteraction =     9.55 mb: rejected    | 
 |    pT0 =  0.49 gives sigmaInteraction =    13.31 mb: accepted    | 
 |   diffractive mass = 1.05e+02 GeV and sigmaNorm =    10.00 mb    | 
 |    pT0 =  0.92 gives sigmaInteraction =     2.53 mb: rejected    | 
 |    pT0 =  0.83 gives sigmaInteraction =     3.27 mb: rejected    | 
 |    pT0 =  0.75 gives sigmaInteraction =     4.27 mb: rejected    | 
 |    pT0 =  0.67 gives sigmaInteraction =     5.62 mb: rejected    | 
 |    pT0 =  0.61 gives sigmaInteraction =     7.64 mb: rejected    | 
 |    pT0 =  0.55 gives sigmaInteraction =    10.41 mb: rejected    | 
 |    pT0 =  0.49 gives sigmaInteraction =    14.35 mb: accepted    | 
 |   diffractive mass = 1.68e+02 GeV and sigmaNorm =    10.00 mb    | 
 |    pT0 =  1.02 gives sigmaInteraction =     2.50 mb: rejected    | 
 |    pT0 =  0.92 gives sigmaInteraction =     3.17 mb: rejected    | 
 |    pT0 =  0.83 gives sigmaInteraction =     3.97 mb: rejected    | 
 |    pT0 =  0.75 gives sigmaInteraction =     5.06 mb: rejected    | 
 |    pT0 =  0.67 gives sigmaInteraction =     6.51 mb: rejected    | 
 |    pT0 =  0.60 gives sigmaInteraction =     8.57 mb: rejected    | 
 |    pT0 =  0.54 gives sigmaInteraction =    11.47 mb: accepted    | 
 |   diffractive mass = 2.69e+02 GeV and sigmaNorm =    10.00 mb    | 
 |    pT0 =  1.13 gives sigmaInteraction =     2.69 mb: rejected    | 
 |    pT0 =  1.02 gives sigmaInteraction =     3.28 mb: rejected    | 
 |    pT0 =  0.92 gives sigmaInteraction =     3.98 mb: rejected    | 
 |    pT0 =  0.82 gives sigmaInteraction =     4.88 mb: rejected    | 
 |    pT0 =  0.74 gives sigmaInteraction =     6.04 mb: rejected    | 
 |    pT0 =  0.67 gives sigmaInteraction =     7.60 mb: rejected    | 
 |    pT0 =  0.60 gives sigmaInteraction =     9.60 mb: rejected    | 
 |    pT0 =  0.54 gives sigmaInteraction =    12.68 mb: accepted    | 
 |   diffractive mass = 4.31e+02 GeV and sigmaNorm =    10.00 mb    | 
 |    pT0 =  1.25 gives sigmaInteraction =     3.03 mb: rejected    | 
 |    pT0 =  1.13 gives sigmaInteraction =     3.59 mb: rejected    | 
 |    pT0 =  1.01 gives sigmaInteraction =     4.25 mb: rejected    | 
 |    pT0 =  0.91 gives sigmaInteraction =     5.02 mb: rejected    | 
 |    pT0 =  0.82 gives sigmaInteraction =     6.04 mb: rejected    | 
 |    pT0 =  0.74 gives sigmaInteraction =     7.34 mb: rejected    | 
 |    pT0 =  0.67 gives sigmaInteraction =     8.94 mb: rejected    | 
 |    pT0 =  0.60 gives sigmaInteraction =    11.22 mb: accepted    | 
 |   diffractive mass = 6.90e+02 GeV and sigmaNorm =    10.00 mb    | 
 |    pT0 =  1.39 gives sigmaInteraction =     3.45 mb: rejected    | 
 |    pT0 =  1.25 gives sigmaInteraction =     4.06 mb: rejected    | 
 |    pT0 =  1.12 gives sigmaInteraction =     4.74 mb: rejected    | 
 |    pT0 =  1.01 gives sigmaInteraction =     5.52 mb: rejected    | 
 |    pT0 =  0.91 gives sigmaInteraction =     6.43 mb: rejected    | 
 |    pT0 =  0.82 gives sigmaInteraction =     7.51 mb: rejected    | 
 |    pT0 =  0.74 gives sigmaInteraction =     8.99 mb: rejected    | 
 |    pT0 =  0.66 gives sigmaInteraction =    10.67 mb: rejected    | 
 |    pT0 =  0.60 gives sigmaInteraction =    12.91 mb: accepted    | 
 |   diffractive mass = 1.10e+03 GeV and sigmaNorm =    10.00 mb    | 
 |    pT0 =  1.53 gives sigmaInteraction =     3.97 mb: rejected    | 
 |    pT0 =  1.38 gives sigmaInteraction =     4.61 mb: rejected    | 
 |    pT0 =  1.24 gives sigmaInteraction =     5.38 mb: rejected    | 
 |    pT0 =  1.12 gives sigmaInteraction =     6.21 mb: rejected    | 
 |    pT0 =  1.01 gives sigmaInteraction =     7.18 mb: rejected    | 
 |    pT0 =  0.91 gives sigmaInteraction =     8.23 mb: rejected    | 
 |    pT0 =  0.81 gives sigmaInteraction =     9.35 mb: rejected    | 
 |    pT0 =  0.73 gives sigmaInteraction =    10.71 mb: rejected    | 
 |    pT0 =  0.66 gives sigmaInteraction =    12.73 mb: accepted    | 
 |   diffractive mass = 1.77e+03 GeV and sigmaNorm =    10.00 mb    | 
 |    pT0 =  1.70 gives sigmaInteraction =     4.56 mb: rejected    | 
 |    pT0 =  1.53 gives sigmaInteraction =     5.33 mb: rejected    | 
 |    pT0 =  1.37 gives sigmaInteraction =     6.14 mb: rejected    | 
 |    pT0 =  1.24 gives sigmaInteraction =     7.10 mb: rejected    | 
 |    pT0 =  1.11 gives sigmaInteraction =     7.98 mb: rejected    | 
 |    pT0 =  1.00 gives sigmaInteraction =     9.04 mb: rejected    | 
 |    pT0 =  0.90 gives sigmaInteraction =    10.32 mb: rejected    | 
 |    pT0 =  0.81 gives sigmaInteraction =    11.60 mb: accepted    | 
 |   diffractive mass = 2.83e+03 GeV and sigmaNorm =    10.00 mb    | 
 |    pT0 =  1.88 gives sigmaInteraction =     5.18 mb: rejected    | 
 |    pT0 =  1.69 gives sigmaInteraction =     6.01 mb: rejected    | 
 |    pT0 =  1.52 gives sigmaInteraction =     7.02 mb: rejected    | 
 |    pT0 =  1.37 gives sigmaInteraction =     8.04 mb: rejected    | 
 |    pT0 =  1.23 gives sigmaInteraction =     9.11 mb: rejected    | 
 |    pT0 =  1.11 gives sigmaInteraction =    10.29 mb: rejected    | 
 |    pT0 =  1.00 gives sigmaInteraction =    11.49 mb: accepted    | 
 |   diffractive mass = 4.53e+03 GeV and sigmaNorm =    10.00 mb    | 
 |    pT0 =  2.08 gives sigmaInteraction =     5.85 mb: rejected    | 
 |    pT0 =  1.87 gives sigmaInteraction =     6.80 mb: rejected    | 
 |    pT0 =  1.68 gives sigmaInteraction =     7.94 mb: rejected    | 
 |    pT0 =  1.51 gives sigmaInteraction =     9.20 mb: rejected    | 
 |    pT0 =  1.36 gives sigmaInteraction =    10.38 mb: rejected    | 
 |    pT0 =  1.23 gives sigmaInteraction =    11.67 mb: accepted    | 
 |   diffractive mass = 7.25e+03 GeV and sigmaNorm =    10.00 mb    | 
 |    pT0 =  2.30 gives sigmaInteraction =     6.48 mb: rejected    | 
 |    pT0 =  2.07 gives sigmaInteraction =     7.62 mb: rejected    | 
 |    pT0 =  1.86 gives sigmaInteraction =     8.83 mb: rejected    | 
 |    pT0 =  1.67 gives sigmaInteraction =    10.12 mb: rejected    | 
 |    pT0 =  1.51 gives sigmaInteraction =    11.43 mb: accepted    | 
 |   diffractive mass = 1.16e+04 GeV and sigmaNorm =    10.00 mb    | 
 |    pT0 =  2.54 gives sigmaInteraction =     7.06 mb: rejected    | 
 |    pT0 =  2.29 gives sigmaInteraction =     8.36 mb: rejected    | 
 |    pT0 =  2.06 gives sigmaInteraction =     9.68 mb: rejected    | 
 |    pT0 =  1.85 gives sigmaInteraction =    11.10 mb: accepted    | 
 |                                                                  | 
 *-------  End PYTHIA Multiparton Interactions Initialization  -----* 

 *-------  PYTHIA Flag + Mode + Parm + Word + FVec + MVec + PVec + WVec Settings (changes only)  ------------------* 
 |                                                                                                                 | 
 | Name                                          |                      Now |      Default         Min         Max | 
 |                                               |                          |                                      | 
 | Beams:eCM                                     |                11600.000 |    14000.000         0.0             | 
 | Main:numberOfEvents                           |                    10000 |         1000           0             | 
 | PDF:lepton                                    |                      off |           on                         | 
 | PDF:pSet                                      |                       14 |           13                         | 
 | PhaseSpace:pTHatMin                           |                 20.00000 |          0.0         0.0             | 
 | Random:seed                                   |                       22 |           -1               900000000 | 
 | Random:setSeed                                |                       on |          off                         | 
 | SoftQCD:inelastic                             |                       on |          off                         | 
 | SpaceShower:pTmaxMatch                        |                        1 |            0           0           2 | 
 |                                                                                                                 | 
 *-------  End PYTHIA Flag + Mode + Parm + Word + FVec + MVec + PVec + WVec Settings  -----------------------------* 

 --------  PYTHIA Particle Data Table (changed only)  ------------------------------------------------------------------------------
 
      id   name            antiName         spn chg col      m0        mWidth      mMin       mMax       tau0    res dec ext vis wid
             no onMode   bRatio   meMode     products 

     221  eta                                 1   0   0    0.54785    0.00000    0.54785    0.54785  1.51000e-07   0   1   0   1   0
              0     0   0.3931181    0       22       22 
              1     0   0.3257150    0      111      111      111 
              2     0   0.0002700    0      111       22       22 
              3     0   0.2274105    0      211     -211      111 
              4     0   0.0460021    0      211     -211       22 
              5     0   0.0069003   11       22       11      -11 
              6     0   0.0003100   11       22       13      -13 
              7     0   0.0000060    0       13      -13 
              8     0   0.0002680   12      211     -211       11      -11 
              9     1   1.0000000    0       13      -13       13      -13 

 --------  End PYTHIA Particle Data Table  -----------------------------------------------------------------------------------------


 --------  PYTHIA Info Listing  ---------------------------------------- 
 
 Beam A: id =   2212, pz =  5.800e+03, e =  5.800e+03, m =  9.383e-01.
 Beam B: id =   2212, pz = -5.800e+03, e =  5.800e+03, m =  9.383e-01.

 Process A B -> A X single diffractive with code 104 is 2 -> 2.
 It has s =  1.346e+08,    t = -5.814e-02,    u = -1.346e+08,
       pT =  2.411e-01,   m3 =  9.383e-01,   m4 =  1.479e+00,
    theta =  4.157e-05,  phi =  2.954e+00.

 --------  End PYTHIA Info Listing  ------------------------------------

 --------  PYTHIA Event Listing  (hard process)  -----------------------------------------------------------------------------------
 
    no         id  name            status     mothers   daughters     colours      p_x        p_y        p_z         e          m 
     0         90  (system)           -11     0     0     0     0     0     0      0.000      0.000      0.000  11600.000  11600.000
     1       2212  (p+)               -12     0     0     3     0     0     0      0.000      0.000   5800.000   5800.000      0.938
     2       2212  (p+)               -12     0     0     4     0     0     0      0.000      0.000  -5800.000   5800.000      0.938
     3       2212  p+                  14     1     0     0     0     0     0     -0.237      0.045   5800.000   5800.000      0.938
     4    9902210  p_dif+              15     2     0     0     0     0     0      0.237     -0.045  -5800.000   5800.000      1.479
                                   Charge sum:  2.000           Momentum sum:      0.000      0.000      0.000  11600.000  11600.000

 --------  End PYTHIA Event Listing  -----------------------------------------------------------------------------------------------

 --------  PYTHIA Event Listing  (complete event)  ---------------------------------------------------------------------------------
 
    no         id  name            status     mothers   daughters     colours      p_x        p_y        p_z         e          m 
     0         90  (system)           -11     0     0     0     0     0     0      0.000      0.000      0.000  11600.000  11600.000
     1       2212  (p+)               -12     0     0     3     0     0     0      0.000      0.000   5800.000   5800.000      0.938
     2       2212  (p+)               -12     0     0     4     0     0     0      0.000      0.000  -5800.000   5800.000      0.938
     3       2212  p+                  14     1     0     0     0     0     0     -0.237      0.045   5800.000   5800.000      0.938
     4    9902210  (p_dif+)           -15     2     0     5     6     0     0      0.237     -0.045  -5800.000   5800.000      1.479
     5          2  (u)                -24     4     0     7     8   101     0      0.328     -0.062   -508.224    508.225      0.246
     6       2103  (ud_1)             -63     4     0     7     8     0   101     -0.092      0.017  -5291.775   5291.775      0.493
     7        211  pi+                 82     5     6     0     0     0     0      0.157      0.071   -811.822    811.822      0.140
     8       2114  (Delta0)           -82     5     6     9    10     0     0      0.080     -0.115  -4988.178   4988.178      1.268
     9       2112  n0                  91     8     0     0     0     0     0     -0.061     -0.182  -3016.670   3016.670      0.940
    10        111  (pi0)              -91     8     0    11    12     0     0      0.140      0.067  -1971.508   1971.508      0.135
    11         22  gamma               91    10     0     0     0     0     0      0.163      0.063  -1501.382   1501.382      0.000
    12         22  gamma               91    10     0     0     0     0     0     -0.023      0.004   -470.125    470.125      0.000
                                   Charge sum:  2.000           Momentum sum:      0.000     -0.000     -0.000  11600.000  11600.000

 --------  End PYTHIA Event Listing  -----------------------------------------------------------------------------------------------
 PYTHIA Warning in StringFragmentation::fragmentToJunction: bad convergence junction rest frame
 PYTHIA Warning in SimpleSpaceShower::pT2nextQCD: weight above unity
 PYTHIA Error in BeamRemnants::setKinematics: kinematics construction failed after retrying 10 times
 PYTHIA Warning in SimpleSpaceShower::pT2nextQCD: small daughter PDF

 Pythia::next(): 1000 events have been generated 

 Pythia::next(): 2000 events have been generated 
 PYTHIA Error in StringFragmentation::fragment: stuck in joining
 PYTHIA Error in Pythia::next: hadronLevel failed; try again

 Pythia::next(): 3000 events have been generated 
 PYTHIA Warning in Pythia::check: not quite matched particle energy/momentum/mass

 Pythia::next(): 4000 events have been generated 

 Pythia::next(): 5000 events have been generated 

 Pythia::next(): 6000 events have been generated 

 Pythia::next(): 7000 events have been generated 

 Pythia::next(): 8000 events have been generated 

 Pythia::next(): 9000 events have been generated 
 PYTHIA Error in StringFragmentation::fragmentToJunction: caught in junction flavour loop

 *-------  PYTHIA Event and Cross Section Statistics  -------------------------------------------------------------*
 |                                                                                                                 |
 | Subprocess                                    Code |            Number of events       |      sigma +- delta    |
 |                                                    |       Tried   Selected   Accepted |     (estimated) (mb)   |
 |                                                    |                                   |                        |
 |-----------------------------------------------------------------------------------------------------------------|
 |                                                    |                                   |                        |
 | non-diffractive                                101 |        7263       7263       7263 |   5.529e+01  1.194e-07 |
 | A B -> X B single diffractive                  103 |         807        807        807 |   6.375e+00  0.000e+00 |
 | A B -> A X single diffractive                  104 |         818        818        818 |   6.375e+00  0.000e+00 |
 | A B -> X X double diffractive                  105 |        1112       1112       1112 |   8.670e+00  0.000e+00 |
 |                                                    |                                   |                        |
 | sum                                                |       10000      10000      10000 |   7.671e+01  1.194e-07 |
 |                                                                                                                 |
 *-------  End PYTHIA Event and Cross Section Statistics ----------------------------------------------------------*

 *-------  PYTHIA Error and Warning Messages Statistics  ----------------------------------------------------------* 
 |                                                                                                                 | 
 |  times   message                                                                                                | 
 |                                                                                                                 | 
 |     45   Error in BeamRemnants::setKinematics: kinematics construction failed after retrying 10 times           | 
 |      9   Error in Pythia::next: hadronLevel failed; try again                                                   | 
 |      8   Error in StringFragmentation::fragment: stuck in joining                                               | 
 |      1   Error in StringFragmentation::fragmentToJunction: caught in junction flavour loop                      | 
 |      3   Warning in MultipartonInteractions::init: maximum increased                                            | 
 |     10   Warning in Pythia::check: not quite matched particle energy/momentum/mass                              | 
 |      1   Warning in SimpleSpaceShower::pT2nextQCD: small daughter PDF                                           | 
 |    106   Warning in SimpleSpaceShower::pT2nextQCD: weight above unity                                           | 
 |      6   Warning in StringFragmentation::fragmentToJunction: bad convergence junction rest frame                | 
 |                                                                                                                 | 
 *-------  End PYTHIA Error and Warning Messages Statistics  ------------------------------------------------------* 
