
 *------------------------------------------------------------------------------------* 
 |                                                                                    | 
 |  *------------------------------------------------------------------------------*  | 
 |  |                                                                              |  | 
 |  |                                                                              |  | 
 |  |   PPP   Y   Y  TTTTT  H   H  III    A      Welcome to the Lund Monte Carlo!  |  | 
 |  |   P  P   Y Y     T    H   H   I    A A     This is PYTHIA version 8.310      |  | 
 |  |   PPP     Y      T    HHHHH   I   AAAAA    Last date of change: 25 Jul 2023  |  | 
 |  |   P       Y      T    H   H   I   A   A                                      |  | 
 |  |   P       Y      T    H   H  III  A   A    Now is 23 Feb 2026 at 13:07:49    |  | 
 |  |                                                                              |  | 
 |  |   Program documentation and an archive of historic versions is found on:     |  | 
 |  |                                                                              |  | 
 |  |                               https://pythia.org/                            |  | 
 |  |                                                                              |  | 
 |  |   PYTHIA is authored by a collaboration consisting of:                       |  | 
 |  |                                                                              |  | 
 |  |   Christian Bierlich, Naomi Cooke, Nishita Desai, Leif Gellersen,            |  | 
 |  |   Ilkka Helenius, Philip Ilten, Leif Lonnblad, Stephen Mrenna,               |  | 
 |  |   Stefan Prestel, Christian Preuss, Torbjorn Sjostrand, Peter Skands,        |  | 
 |  |   Marius Utheim and Rob Verheyen.                                            |  | 
 |  |                                                                              |  | 
 |  |   The complete list of authors, including contact information and            |  | 
 |  |   affiliations, can be found on https://pythia.org/.                         |  | 
 |  |   Problems or bugs should be reported on email at authors@pythia.org.        |  | 
 |  |                                                                              |  | 
 |  |   The main program reference is C. Bierlich et al,                           |  | 
 |  |   'A comprehensive guide to the physics and usage of Pythia 8.3',            |  | 
 |  |   SciPost Phys. Codebases 8-r8.3 (2022) [arXiv:2203.11601 [hep-ph]]          |  | 
 |  |                                                                              |  | 
 |  |   PYTHIA is released under the GNU General Public Licence version 2 or later.|  | 
 |  |   Please respect the MCnet Guidelines for Event Generator Authors and Users. |  | 
 |  |                                                                              |  | 
 |  |   Disclaimer: this program comes without any guarantees.                     |  | 
 |  |   Beware of errors and use common sense when interpreting results.           |  | 
 |  |                                                                              |  | 
 |  |   Copyright (C) 2023 Torbjorn Sjostrand                                      |  | 
 |  |                                                                              |  | 
 |  |                                                                              |  | 
 |  *------------------------------------------------------------------------------*  | 
 |                                                                                    | 
 *------------------------------------------------------------------------------------* 


 *-------  PYTHIA Process Initialization  --------------------------*
 |                                                                  |
 | We collide p+ with p+ at a CM energy of 1.300e+04 GeV            |
 |                                                                  |
 |------------------------------------------------------------------|
 |                                                    |             |
 | Subprocess                                    Code |   Estimated |
 |                                                    |    max (mb) |
 |                                                    |             |
 |------------------------------------------------------------------|
 |                                                    |             |
 | non-diffractive                                101 |   5.642e+01 |
 | A B -> X B single diffractive                  103 |   6.416e+00 |
 | A B -> A X single diffractive                  104 |   6.416e+00 |
 | A B -> X X double diffractive                  105 |   8.798e+00 |
 | A B -> A X B central diffractive               106 |   0.000e+00 |
 |                                                                  |
 *-------  End PYTHIA Process Initialization -----------------------*

 *-------  PYTHIA Multiparton Interactions Initialization  ---------* 
 |                                                                  | 
 |                   sigmaNonDiffractive =    56.42 mb              | 
 |                                                                  | 
 |    pT0 =  2.60 gives sigmaInteraction =   335.77 mb: accepted    | 
 |                                                                  | 
 *-------  End PYTHIA Multiparton Interactions Initialization  -----* 

 *-------  PYTHIA Multiparton Interactions Initialization  ---------* 
 |                                                                  | 
 |   diffraction XB for p+ on p+                                    | 
 |                                                                  | 
 |   diffractive mass = 1.00e+01 GeV and sigmaNorm =    10.00 mb    | 
 |    pT0 =  0.56 gives sigmaInteraction =    30.21 mb: accepted    | 
 |   diffractive mass = 1.61e+01 GeV and sigmaNorm =    10.00 mb    | 
 |    pT0 =  0.62 gives sigmaInteraction =    31.05 mb: accepted    | 
 |   diffractive mass = 2.60e+01 GeV and sigmaNorm =    10.00 mb    | 
 |    pT0 =  0.68 gives sigmaInteraction =    29.97 mb: accepted    | 
 |   diffractive mass = 4.20e+01 GeV and sigmaNorm =    10.00 mb    | 
 |    pT0 =  0.76 gives sigmaInteraction =    28.01 mb: accepted    | 
 |   diffractive mass = 6.77e+01 GeV and sigmaNorm =    10.00 mb    | 
 |    pT0 =  0.84 gives sigmaInteraction =    26.09 mb: accepted    | 
 |   diffractive mass = 1.09e+02 GeV and sigmaNorm =    10.00 mb    | 
 |    pT0 =  0.93 gives sigmaInteraction =    24.28 mb: accepted    | 
 |   diffractive mass = 1.76e+02 GeV and sigmaNorm =    10.00 mb    | 
 |    pT0 =  1.03 gives sigmaInteraction =    23.14 mb: accepted    | 
 |   diffractive mass = 2.84e+02 GeV and sigmaNorm =    10.00 mb    | 
 |    pT0 =  1.14 gives sigmaInteraction =    22.96 mb: accepted    | 
 |   diffractive mass = 4.58e+02 GeV and sigmaNorm =    10.00 mb    | 
 |    pT0 =  1.27 gives sigmaInteraction =    23.60 mb: accepted    | 
 |   diffractive mass = 7.39e+02 GeV and sigmaNorm =    10.00 mb    | 
 |    pT0 =  1.41 gives sigmaInteraction =    25.51 mb: accepted    | 
 |   diffractive mass = 1.19e+03 GeV and sigmaNorm =    10.00 mb    | 
 |    pT0 =  1.56 gives sigmaInteraction =    28.08 mb: accepted    | 
 |   diffractive mass = 1.92e+03 GeV and sigmaNorm =    10.00 mb    | 
 |    pT0 =  1.73 gives sigmaInteraction =    32.64 mb: accepted    | 
 |   diffractive mass = 3.10e+03 GeV and sigmaNorm =    10.00 mb    | 
 |    pT0 =  1.91 gives sigmaInteraction =    37.69 mb: accepted    | 
 |   diffractive mass = 5.00e+03 GeV and sigmaNorm =    10.00 mb    | 
 |    pT0 =  2.12 gives sigmaInteraction =    43.22 mb: accepted    | 
 |   diffractive mass = 8.06e+03 GeV and sigmaNorm =    10.00 mb    | 
 |    pT0 =  2.35 gives sigmaInteraction =    49.69 mb: accepted    | 
 |   diffractive mass = 1.30e+04 GeV and sigmaNorm =    10.00 mb    | 
 |    pT0 =  2.60 gives sigmaInteraction =    57.44 mb: accepted    | 
 |                                                                  | 
 *-------  End PYTHIA Multiparton Interactions Initialization  -----* 
 PYTHIA Warning in MultipartonInteractions::init: maximum increased by factor 5.539

 *-------  PYTHIA Multiparton Interactions Initialization  ---------* 
 |                                                                  | 
 |   diffraction AX for p+ on p+                                    | 
 |                                                                  | 
 |   diffractive mass = 1.00e+01 GeV and sigmaNorm =    10.00 mb    | 
 |    pT0 =  0.56 gives sigmaInteraction =    30.29 mb: accepted    | 
 |   diffractive mass = 1.61e+01 GeV and sigmaNorm =    10.00 mb    | 
 |    pT0 =  0.62 gives sigmaInteraction =    30.81 mb: accepted    | 
 |   diffractive mass = 2.60e+01 GeV and sigmaNorm =    10.00 mb    | 
 |    pT0 =  0.68 gives sigmaInteraction =    30.10 mb: accepted    | 
 |   diffractive mass = 4.20e+01 GeV and sigmaNorm =    10.00 mb    | 
 |    pT0 =  0.76 gives sigmaInteraction =    27.98 mb: accepted    | 
 |   diffractive mass = 6.77e+01 GeV and sigmaNorm =    10.00 mb    | 
 |    pT0 =  0.84 gives sigmaInteraction =    26.02 mb: accepted    | 
 |   diffractive mass = 1.09e+02 GeV and sigmaNorm =    10.00 mb    | 
 |    pT0 =  0.93 gives sigmaInteraction =    24.34 mb: accepted    | 
 |   diffractive mass = 1.76e+02 GeV and sigmaNorm =    10.00 mb    | 
 |    pT0 =  1.03 gives sigmaInteraction =    23.04 mb: accepted    | 
 |   diffractive mass = 2.84e+02 GeV and sigmaNorm =    10.00 mb    | 
 |    pT0 =  1.14 gives sigmaInteraction =    23.01 mb: accepted    | 
 |   diffractive mass = 4.58e+02 GeV and sigmaNorm =    10.00 mb    | 
 |    pT0 =  1.27 gives sigmaInteraction =    23.71 mb: accepted    | 
 |   diffractive mass = 7.39e+02 GeV and sigmaNorm =    10.00 mb    | 
 |    pT0 =  1.41 gives sigmaInteraction =    25.54 mb: accepted    | 
 |   diffractive mass = 1.19e+03 GeV and sigmaNorm =    10.00 mb    | 
 |    pT0 =  1.56 gives sigmaInteraction =    28.56 mb: accepted    | 
 |   diffractive mass = 1.92e+03 GeV and sigmaNorm =    10.00 mb    | 
 |    pT0 =  1.73 gives sigmaInteraction =    32.71 mb: accepted    | 
 |   diffractive mass = 3.10e+03 GeV and sigmaNorm =    10.00 mb    | 
 |    pT0 =  1.91 gives sigmaInteraction =    37.33 mb: accepted    | 
 |   diffractive mass = 5.00e+03 GeV and sigmaNorm =    10.00 mb    | 
 |    pT0 =  2.12 gives sigmaInteraction =    43.50 mb: accepted    | 
 |   diffractive mass = 8.06e+03 GeV and sigmaNorm =    10.00 mb    | 
 |    pT0 =  2.35 gives sigmaInteraction =    50.08 mb: accepted    | 
 |   diffractive mass = 1.30e+04 GeV and sigmaNorm =    10.00 mb    | 
 |    pT0 =  2.60 gives sigmaInteraction =    57.30 mb: accepted    | 
 |                                                                  | 
 *-------  End PYTHIA Multiparton Interactions Initialization  -----* 

 *-------  PYTHIA Multiparton Interactions Initialization  ---------* 
 |                                                                  | 
 |   diffraction AXB for p+ on p+                                   | 
 |                                                                  | 
 |   diffractive mass = 1.00e+01 GeV and sigmaNorm =    10.00 mb    | 
 |    pT0 =  0.56 gives sigmaInteraction =     5.91 mb: rejected    | 
 |    pT0 =  0.50 gives sigmaInteraction =     8.77 mb: rejected    | 
 |    pT0 =  0.45 gives sigmaInteraction =    13.15 mb: accepted    | 
 |   diffractive mass = 1.61e+01 GeV and sigmaNorm =    10.00 mb    | 
 |    pT0 =  0.62 gives sigmaInteraction =     4.79 mb: rejected    | 
 |    pT0 =  0.56 gives sigmaInteraction =     7.03 mb: rejected    | 
 |    pT0 =  0.50 gives sigmaInteraction =    10.19 mb: rejected    | 
 |    pT0 =  0.45 gives sigmaInteraction =    15.20 mb: accepted    | 
 |   diffractive mass = 2.60e+01 GeV and sigmaNorm =    10.00 mb    | 
 |    pT0 =  0.68 gives sigmaInteraction =     3.85 mb: rejected    | 
 |    pT0 =  0.62 gives sigmaInteraction =     5.50 mb: rejected    | 
 |    pT0 =  0.55 gives sigmaInteraction =     7.88 mb: rejected    | 
 |    pT0 =  0.50 gives sigmaInteraction =    11.44 mb: accepted    | 
 |   diffractive mass = 4.20e+01 GeV and sigmaNorm =    10.00 mb    | 
 |    pT0 =  0.76 gives sigmaInteraction =     3.15 mb: rejected    | 
 |    pT0 =  0.68 gives sigmaInteraction =     4.38 mb: rejected    | 
 |    pT0 =  0.61 gives sigmaInteraction =     6.14 mb: rejected    | 
 |    pT0 =  0.55 gives sigmaInteraction =     8.72 mb: rejected    | 
 |    pT0 =  0.50 gives sigmaInteraction =    12.37 mb: accepted    | 
 |   diffractive mass = 6.77e+01 GeV and sigmaNorm =    10.00 mb    | 
 |    pT0 =  0.84 gives sigmaInteraction =     2.70 mb: rejected    | 
 |    pT0 =  0.76 gives sigmaInteraction =     3.66 mb: rejected    | 
 |    pT0 =  0.68 gives sigmaInteraction =     4.94 mb: rejected    | 
 |    pT0 =  0.61 gives sigmaInteraction =     6.81 mb: rejected    | 
 |    pT0 =  0.55 gives sigmaInteraction =     9.45 mb: rejected    | 
 |    pT0 =  0.50 gives sigmaInteraction =    13.40 mb: accepted    | 
 |   diffractive mass = 1.09e+02 GeV and sigmaNorm =    10.00 mb    | 
 |    pT0 =  0.93 gives sigmaInteraction =     2.51 mb: rejected    | 
 |    pT0 =  0.84 gives sigmaInteraction =     3.22 mb: rejected    | 
 |    pT0 =  0.75 gives sigmaInteraction =     4.23 mb: rejected    | 
 |    pT0 =  0.68 gives sigmaInteraction =     5.59 mb: rejected    | 
 |    pT0 =  0.61 gives sigmaInteraction =     7.52 mb: rejected    | 
 |    pT0 =  0.55 gives sigmaInteraction =    10.27 mb: rejected    | 
 |    pT0 =  0.50 gives sigmaInteraction =    14.13 mb: accepted    | 
 |   diffractive mass = 1.76e+02 GeV and sigmaNorm =    10.00 mb    | 
 |    pT0 =  1.03 gives sigmaInteraction =     2.54 mb: rejected    | 
 |    pT0 =  0.93 gives sigmaInteraction =     3.17 mb: rejected    | 
 |    pT0 =  0.84 gives sigmaInteraction =     3.95 mb: rejected    | 
 |    pT0 =  0.75 gives sigmaInteraction =     5.00 mb: rejected    | 
 |    pT0 =  0.68 gives sigmaInteraction =     6.41 mb: rejected    | 
 |    pT0 =  0.61 gives sigmaInteraction =     8.34 mb: rejected    | 
 |    pT0 =  0.55 gives sigmaInteraction =    11.32 mb: accepted    | 
 |   diffractive mass = 2.84e+02 GeV and sigmaNorm =    10.00 mb    | 
 |    pT0 =  1.14 gives sigmaInteraction =     2.73 mb: rejected    | 
 |    pT0 =  1.03 gives sigmaInteraction =     3.31 mb: rejected    | 
 |    pT0 =  0.93 gives sigmaInteraction =     4.01 mb: rejected    | 
 |    pT0 =  0.83 gives sigmaInteraction =     4.87 mb: rejected    | 
 |    pT0 =  0.75 gives sigmaInteraction =     6.07 mb: rejected    | 
 |    pT0 =  0.68 gives sigmaInteraction =     7.53 mb: rejected    | 
 |    pT0 =  0.61 gives sigmaInteraction =     9.56 mb: rejected    | 
 |    pT0 =  0.55 gives sigmaInteraction =    12.33 mb: accepted    | 
 |   diffractive mass = 4.58e+02 GeV and sigmaNorm =    10.00 mb    | 
 |    pT0 =  1.27 gives sigmaInteraction =     3.08 mb: rejected    | 
 |    pT0 =  1.14 gives sigmaInteraction =     3.68 mb: rejected    | 
 |    pT0 =  1.03 gives sigmaInteraction =     4.28 mb: rejected    | 
 |    pT0 =  0.92 gives sigmaInteraction =     5.09 mb: rejected    | 
 |    pT0 =  0.83 gives sigmaInteraction =     6.10 mb: rejected    | 
 |    pT0 =  0.75 gives sigmaInteraction =     7.35 mb: rejected    | 
 |    pT0 =  0.67 gives sigmaInteraction =     8.91 mb: rejected    | 
 |    pT0 =  0.61 gives sigmaInteraction =    11.06 mb: accepted    | 
 |   diffractive mass = 7.39e+02 GeV and sigmaNorm =    10.00 mb    | 
 |    pT0 =  1.41 gives sigmaInteraction =     3.53 mb: rejected    | 
 |    pT0 =  1.27 gives sigmaInteraction =     4.13 mb: rejected    | 
 |    pT0 =  1.14 gives sigmaInteraction =     4.83 mb: rejected    | 
 |    pT0 =  1.02 gives sigmaInteraction =     5.63 mb: rejected    | 
 |    pT0 =  0.92 gives sigmaInteraction =     6.50 mb: rejected    | 
 |    pT0 =  0.83 gives sigmaInteraction =     7.59 mb: rejected    | 
 |    pT0 =  0.75 gives sigmaInteraction =     8.99 mb: rejected    | 
 |    pT0 =  0.67 gives sigmaInteraction =    10.55 mb: rejected    | 
 |    pT0 =  0.61 gives sigmaInteraction =    12.91 mb: accepted    | 
 |   diffractive mass = 1.19e+03 GeV and sigmaNorm =    10.00 mb    | 
 |    pT0 =  1.56 gives sigmaInteraction =     4.06 mb: rejected    | 
 |    pT0 =  1.40 gives sigmaInteraction =     4.76 mb: rejected    | 
 |    pT0 =  1.26 gives sigmaInteraction =     5.51 mb: rejected    | 
 |    pT0 =  1.14 gives sigmaInteraction =     6.33 mb: rejected    | 
 |    pT0 =  1.02 gives sigmaInteraction =     7.30 mb: rejected    | 
 |    pT0 =  0.92 gives sigmaInteraction =     8.35 mb: rejected    | 
 |    pT0 =  0.83 gives sigmaInteraction =     9.54 mb: rejected    | 
 |    pT0 =  0.75 gives sigmaInteraction =    10.93 mb: rejected    | 
 |    pT0 =  0.67 gives sigmaInteraction =    12.83 mb: accepted    | 
 |   diffractive mass = 1.92e+03 GeV and sigmaNorm =    10.00 mb    | 
 |    pT0 =  1.73 gives sigmaInteraction =     4.68 mb: rejected    | 
 |    pT0 =  1.55 gives sigmaInteraction =     5.43 mb: rejected    | 
 |    pT0 =  1.40 gives sigmaInteraction =     6.28 mb: rejected    | 
 |    pT0 =  1.26 gives sigmaInteraction =     7.25 mb: rejected    | 
 |    pT0 =  1.13 gives sigmaInteraction =     8.17 mb: rejected    | 
 |    pT0 =  1.02 gives sigmaInteraction =     9.38 mb: rejected    | 
 |    pT0 =  0.92 gives sigmaInteraction =    10.53 mb: rejected    | 
 |    pT0 =  0.83 gives sigmaInteraction =    11.96 mb: accepted    | 
 |   diffractive mass = 3.10e+03 GeV and sigmaNorm =    10.00 mb    | 
 |    pT0 =  1.91 gives sigmaInteraction =     5.29 mb: rejected    | 
 |    pT0 =  1.72 gives sigmaInteraction =     6.22 mb: rejected    | 
 |    pT0 =  1.55 gives sigmaInteraction =     7.15 mb: rejected    | 
 |    pT0 =  1.39 gives sigmaInteraction =     8.22 mb: rejected    | 
 |    pT0 =  1.26 gives sigmaInteraction =     9.28 mb: rejected    | 
 |    pT0 =  1.13 gives sigmaInteraction =    10.54 mb: rejected    | 
 |    pT0 =  1.02 gives sigmaInteraction =    11.90 mb: accepted    | 
 |   diffractive mass = 5.00e+03 GeV and sigmaNorm =    10.00 mb    | 
 |    pT0 =  2.12 gives sigmaInteraction =     5.98 mb: rejected    | 
 |    pT0 =  1.91 gives sigmaInteraction =     6.94 mb: rejected    | 
 |    pT0 =  1.72 gives sigmaInteraction =     8.08 mb: rejected    | 
 |    pT0 =  1.55 gives sigmaInteraction =     9.24 mb: rejected    | 
 |    pT0 =  1.39 gives sigmaInteraction =    10.56 mb: rejected    | 
 |    pT0 =  1.25 gives sigmaInteraction =    11.92 mb: accepted    | 
 |   diffractive mass = 8.06e+03 GeV and sigmaNorm =    10.00 mb    | 
 |    pT0 =  2.35 gives sigmaInteraction =     6.60 mb: rejected    | 
 |    pT0 =  2.12 gives sigmaInteraction =     7.75 mb: rejected    | 
 |    pT0 =  1.90 gives sigmaInteraction =     9.10 mb: rejected    | 
 |    pT0 =  1.71 gives sigmaInteraction =    10.27 mb: rejected    | 
 |    pT0 =  1.54 gives sigmaInteraction =    11.73 mb: accepted    | 
 |   diffractive mass = 1.30e+04 GeV and sigmaNorm =    10.00 mb    | 
 |    pT0 =  2.60 gives sigmaInteraction =     7.20 mb: rejected    | 
 |    pT0 =  2.34 gives sigmaInteraction =     8.42 mb: rejected    | 
 |    pT0 =  2.11 gives sigmaInteraction =     9.86 mb: rejected    | 
 |    pT0 =  1.90 gives sigmaInteraction =    11.30 mb: accepted    | 
 |                                                                  | 
 *-------  End PYTHIA Multiparton Interactions Initialization  -----* 

 *-------  PYTHIA Flag + Mode + Parm + Word + FVec + MVec + PVec + WVec Settings (changes only)  ------------------* 
 |                                                                                                                 | 
 | Name                                          |                      Now |      Default         Min         Max | 
 |                                               |                          |                                      | 
 | Beams:eCM                                     |                13000.000 |    14000.000         0.0             | 
 | Main:numberOfEvents                           |                    20000 |         1000           0             | 
 | PDF:lepton                                    |                      off |           on                         | 
 | PDF:pSet                                      |                       14 |           13                         | 
 | Random:seed                                   |                     8310 |           -1               900000000 | 
 | Random:setSeed                                |                       on |          off                         | 
 | SoftQCD:inelastic                             |                       on |          off                         | 
 | SpaceShower:pTmaxMatch                        |                        1 |            0           0           2 | 
 |                                                                                                                 | 
 *-------  End PYTHIA Flag + Mode + Parm + Word + FVec + MVec + PVec + WVec Settings  -----------------------------* 

 --------  PYTHIA Particle Data Table (changed only)  ------------------------------------------------------------------------------
 
      id   name            antiName         spn chg col      m0        mWidth      mMin       mMax       tau0    res dec ext vis wid
             no onMode   bRatio   meMode     products 

 no particle data has been changed from its default value 

 --------  End PYTHIA Particle Data Table  -----------------------------------------------------------------------------------------


 --------  PYTHIA Info Listing  ---------------------------------------- 
 
 Beam A: id =   2212, pz =  6.500e+03, e =  6.500e+03, m =  9.383e-01.
 Beam B: id =   2212, pz = -6.500e+03, e =  6.500e+03, m =  9.383e-01.

 In 1: id =   21, x =  6.630e-04, pdf =  1.586e+01 at Q2 =  1.099e+01.
 In 2: id =   21, x =  5.607e-04, pdf =  1.675e+01 at same Q2.

 Process non-diffractive with code 101 is 2 -> 2.
 Subprocess g g -> g g with code 111 is 2 -> 2.
 It has sHat =  6.283e+01,    tHat = -1.419e+01,    uHat = -4.864e+01,
       pTHat =  3.314e+00,   m3Hat =  0.000e+00,   m4Hat =  0.000e+00,
    thetaHat =  9.905e-01,  phiHat =  3.142e+00.
     alphaEM =  7.557e-03,  alphaS =  2.546e-01    at Q2 =  1.777e+01.

 Impact parameter b =  1.200e+00 gives enhancement factor =  2.772e-01.
 Max pT scale for MPI =  3.314e+00, ISR =  3.314e+00, FSR =  3.314e+00.
 Number of MPI =     1, ISR =     1, FSRproc =     1, FSRreson =     0.

 --------  End PYTHIA Info Listing  ------------------------------------

 --------  PYTHIA Event Listing  (hard process)  -----------------------------------------------------------------------------------
 
    no         id  name            status     mothers   daughters     colours      p_x        p_y        p_z         e          m 
     0         90  (system)           -11     0     0     0     0     0     0      0.000      0.000      0.000  13000.000  13000.000
     1       2212  (p+)               -12     0     0     3     0     0     0      0.000      0.000   6500.000   6500.000      0.938
     2       2212  (p+)               -12     0     0     4     0     0     0      0.000      0.000  -6500.000   6500.000      0.938
     3         21  (g)                -21     1     0     5     6   101   102      0.000      0.000      4.310      4.310      0.000
     4         21  (g)                -21     2     0     5     6   103   104      0.000      0.000     -3.645      3.645      0.000
     5         21  g                   23     3     4     0     0   101   104     -0.003     -3.314      2.513      4.159      0.000
     6         21  g                   23     3     4     0     0   103   102      0.003      3.314     -1.848      3.795      0.000
                                   Charge sum:  0.000           Momentum sum:      0.000      0.000      0.665      7.954      7.926

 --------  End PYTHIA Event Listing  -----------------------------------------------------------------------------------------------

 --------  PYTHIA Event Listing  (complete event)  ---------------------------------------------------------------------------------
 
    no         id  name            status     mothers   daughters     colours      p_x        p_y        p_z         e          m 
     0         90  (system)           -11     0     0     0     0     0     0      0.000      0.000      0.000  13000.000  13000.000
     1       2212  (p+)               -12     0     0    16     0     0     0      0.000      0.000   6500.000   6500.000      0.938
     2       2212  (p+)               -12     0     0    17     0     0     0      0.000      0.000  -6500.000   6500.000      0.938
     3         21  (g)                -21    10    10     5     6   101   102      0.000      0.000      4.310      4.310      0.000
     4         21  (g)                -21     9     9     5     6   103   104      0.000      0.000     -3.645      3.645      0.000
     5         21  (g)                -23     3     4    12    12   101   104     -0.003     -3.314      2.513      4.159      0.000
     6         21  (g)                -23     3     4     7     8   103   102      0.003      3.314     -1.848      3.795      0.000
     7         21  (g)                -51     6     0    13    13   105   102     -0.071      2.393     -0.724      2.501      0.000
     8         21  (g)                -51     6     0    14    14   103   105      0.074      0.921     -2.432      2.602      0.000
     9         21  (g)                -53    11     0     4     4   103   104      0.000     -0.000     -4.953      4.953      0.000
    10         21  (g)                -42    16    16     3     3   101   102     -0.000      0.000      4.310      4.310      0.000
    11         21  (g)                -41    17    17    15     9   103   106     -0.000      0.000   -238.384    238.384      0.000
    12         21  (g)                -44     5     5    18    18   101   104     -0.078     -3.283      2.440      4.091      0.000
    13         21  (g)                -44     7     7    19    19   105   102     -0.218      2.454     -0.679      2.556      0.000
    14         21  (g)                -44     8     8    20    20   103   105     -0.154      1.017     -2.419      2.629      0.000
    15         21  (g)                -43    11     0    21    21   104   106      0.450     -0.189   -233.417    233.417      0.000
    16         21  (g)                -61     1     0    10    10   101   102      0.067     -0.724      4.279      4.341      0.000
    17         21  (g)                -61     2     0    11    11   103   106      0.306     -0.199   -238.382    238.382      0.000
    18         21  (g)                -62    12    12    55    55   101   104     -0.026     -3.833      2.143      4.391      0.000
    19         21  (g)                -62    13    13    27    27   105   102     -0.202      2.296     -0.478      2.354      0.000
    20         21  (g)                -62    14    14    28    28   103   105     -0.149      0.998     -2.334      2.543      0.000
    21         21  (g)                -62    15    15    54    54   104   106      0.749     -0.384   -233.434    233.435      0.000
    22       2101  (ud_0)             -63     1     0    56    56     0   101     -0.075      0.156   6391.505   6391.505      0.579
    23          2  (u)                -63     1     0    26    26   102     0      0.008      0.568    104.184    104.186      0.330
    24       2203  (uu_1)             -63     2     0    29    29     0   103     -0.364      0.486  -5171.689   5171.689      0.771
    25          1  (d)                -63     2     0    53    53   106     0      0.059     -0.287  -1089.897   1089.897      0.330
    26          2  (u)                -71    23    23    30    52   102     0      0.008      0.568    104.184    104.186      0.330
    27         21  (g)                -71    19    19    30    52   105   102     -0.202      2.296     -0.478      2.354      0.000
    28         21  (g)                -71    20    20    30    52   103   105     -0.149      0.998     -2.334      2.543      0.000
    29       2203  (uu_1)             -71    24    24    30    52     0   103     -0.364      0.486  -5171.689   5171.689      0.771
    30        211  pi+                 83    26    29     0     0     0     0      0.206      0.167     25.356     25.358      0.140
    31        311  (K0)               -83    26    29    81    81     0     0     -0.396     -0.168     25.514     25.523      0.498
    32       -321  K-                  83    26    29     0     0     0     0     -0.029      0.235     17.290     17.299      0.494
    33        111  (pi0)              -83    26    29   117   118     0     0      0.224      0.120     17.278     17.281      0.135
    34        111  (pi0)              -83    26    29   119   120     0     0      0.056      0.174      0.673      0.710      0.135
    35        111  (pi0)              -84    26    29   121   122     0     0     -0.186      0.837     17.718     17.739      0.135
    36        211  pi+                 84    26    29     0     0     0     0      0.052      1.035     -1.063      1.491      0.140
    37        111  (pi0)              -84    26    29   123   124     0     0     -0.283     -0.341      0.161      0.490      0.135
    38        223  (omega)            -84    26    29   125   127     0     0      0.572     -0.015     -0.800      1.256      0.780
    39        221  (eta)              -84    26    29   128   130     0     0     -0.664      0.074     -0.928      1.267      0.548
    40        223  (omega)            -84    26    29   131   133     0     0      0.136      0.946     -2.144      2.476      0.787
    41       -211  pi-                 84    26    29     0     0     0     0      0.240     -0.466     -1.965      2.038      0.140
    42        213  (rho+)             -84    26    29    82    83     0     0      0.048      0.858     -2.621      2.935      1.004
    43       -211  pi-                 84    26    29     0     0     0     0     -0.083      0.360     -1.080      1.150      0.140
    44       2212  p+                  84    26    29     0     0     0     0     -0.301     -0.019    -13.282     13.319      0.938
    45        221  (eta)              -84    26    29   134   136     0     0     -0.004     -0.410    -28.980     28.988      0.548
    46      -2114  (Deltabar0)        -84    26    29    84    85     0     0      0.009      0.554   -296.027    296.030      1.274
    47        111  (pi0)              -84    26    29   137   138     0     0      0.095     -0.234    -78.649     78.649      0.135
    48       -211  pi-                 84    26    29     0     0     0     0      0.040      0.427   -141.914    141.915      0.140
    49        113  (rho0)             -84    26    29    86    87     0     0     -0.027      0.083   -555.796    555.797      0.933
    50        211  pi+                 84    26    29     0     0     0     0      0.036     -0.330   -100.122    100.122      0.140
    51       3214  (Sigma*0)          -84    26    29    88    89     0     0     -0.410      0.405  -1397.739   1397.740      1.393
    52        323  (K*+)              -84    26    29    90    91     0     0     -0.039      0.053  -2551.198   2551.199      0.881
    53          1  (d)                -71    25    25    57    80   106     0      0.059     -0.287  -1089.897   1089.897      0.330
    54         21  (g)                -71    21    21    57    80   104   106      0.749     -0.384   -233.434    233.435      0.000
    55         21  (g)                -71    18    18    57    80   101   104     -0.026     -3.833      2.143      4.391      0.000
    56       2101  (ud_0)             -71    22    22    57    80     0   101     -0.075      0.156   6391.505   6391.505      0.579
    57       3112  (Sigma-)           -83    53    56   139   140     0     0      0.286     -0.149   -676.717    676.718      1.197
    58        211  pi+                 83    53    56     0     0     0     0      0.252     -0.160    -22.222     22.224      0.140
    59      -3214  (Sigma*bar0)       -83    53    56    92    93     0     0     -0.179      0.242   -264.901    264.905      1.369
    60        113  (rho0)             -83    53    56    94    95     0     0     -0.173     -0.513   -331.083    331.084      0.804
    61        311  (K0)               -83    53    56    96    96     0     0      0.556      0.292     -9.287      9.322      0.498
    62       -321  K-                  83    53    56     0     0     0     0     -0.132     -0.598     -4.781      4.846      0.494
    63        323  (K*+)              -83    53    56    97    98     0     0      0.227      0.048     -7.441      7.498      0.896
    64       -313  (K*bar0)           -83    53    56    99   100     0     0      0.152      0.332     -5.334      5.437      0.988
    65       -211  pi-                 83    53    56     0     0     0     0     -0.027     -0.366     -0.791      0.883      0.140
    66        113  (rho0)             -83    53    56   101   102     0     0     -0.244     -0.604     -0.386      1.229      0.968
    67        211  pi+                 83    53    56     0     0     0     0      0.077     -1.111      0.898      1.437      0.140
    68       -213  (rho-)             -83    53    56   103   104     0     0     -0.066     -1.309      0.949      1.794      0.774
    69        213  (rho+)             -84    53    56   105   106     0     0     -0.271     -0.292      1.265      1.532      0.768
    70       -213  (rho-)             -84    53    56   107   108     0     0      0.136      0.052      3.806      3.901      0.844
    71        111  (pi0)              -84    53    56   141   142     0     0      0.220     -0.281      3.185      3.207      0.135
    72        223  (omega)            -84    53    56   143   145     0     0     -0.399     -0.044     27.505     27.519      0.779
    73        113  (rho0)             -84    53    56   109   110     0     0      0.319     -0.020     33.079     33.090      0.817
    74        113  (rho0)             -84    53    56   111   112     0     0      0.131      0.356     27.432     27.444      0.721
    75        211  pi+                 84    53    56     0     0     0     0     -0.796     -0.240     42.872     42.880      0.140
    76        221  (eta)              -84    53    56   146   148     0     0      0.877     -0.352     90.417     90.423      0.548
    77        111  (pi0)              -84    53    56   149   150     0     0      0.046     -0.064     57.238     57.238      0.135
    78        111  (pi0)              -84    53    56   151   152     0     0     -0.130      0.143    114.725    114.725      0.135
    79       2114  (Delta0)           -84    53    56   113   114     0     0     -0.432      0.491    779.383    779.384      1.207
    80        223  (omega)            -84    53    56   153   155     0     0      0.277     -0.200   5210.507   5210.507      0.768
    81        310  (K_S0)             -91    31    31   156   157     0     0     -0.396     -0.168     25.514     25.523      0.498
    82        211  pi+                 91    42     0     0     0     0     0      0.169      1.018     -2.360      2.580      0.140
    83        111  (pi0)              -91    42     0   158   159     0     0     -0.121     -0.160     -0.261      0.355      0.135
    84      -2112  nbar0               91    46     0     0     0     0     0     -0.076      0.162   -220.657    220.659      0.940
    85        111  (pi0)              -91    46     0   160   161     0     0      0.085      0.392    -75.370     75.371      0.135
    86        211  pi+                 91    49     0     0     0     0     0     -0.240      0.335   -149.504    149.505      0.140
    87       -211  pi-                 91    49     0     0     0     0     0      0.213     -0.252   -406.292    406.292      0.140
    88       3122  (Lambda0)          -91    51     0   162   163     0     0     -0.548      0.271  -1198.306   1198.307      1.116
    89        111  (pi0)              -91    51     0   164   165     0     0      0.138      0.134   -199.433    199.433      0.135
    90        311  (K0)               -91    52     0   115   115     0     0      0.072      0.125  -2359.789   2359.789      0.498
    91        211  pi+                 91    52     0     0     0     0     0     -0.111     -0.071   -191.409    191.409      0.140
    92      -3122  (Lambdabar0)       -91    59     0   166   167     0     0     -0.160      0.268   -187.295    187.299      1.116
    93        111  (pi0)              -91    59     0   168   169     0     0     -0.019     -0.027    -77.606     77.606      0.135
    94        211  pi+                 91    60     0     0     0     0     0      0.154     -0.120   -222.271    222.272      0.140
    95       -211  pi-                 91    60     0     0     0     0     0     -0.327     -0.393   -108.811    108.813      0.140
    96        310  (K_S0)             -91    61    61   170   171     0     0      0.556      0.292     -9.287      9.322      0.498
    97        311  (K0)               -91    63     0   116   116     0     0      0.051      0.186     -6.478      6.500      0.498
    98        211  pi+                 91    63     0     0     0     0     0      0.176     -0.138     -0.963      0.999      0.140
    99       -321  K-                  91    64     0     0     0     0     0      0.416      0.365     -3.419      3.499      0.494
   100        211  pi+                 91    64     0     0     0     0     0     -0.264     -0.033     -1.914      1.938      0.140
   101        211  pi+                 91    66     0     0     0     0     0     -0.008      0.092     -0.447      0.478      0.140
   102       -211  pi-                 91    66     0     0     0     0     0     -0.235     -0.697      0.062      0.751      0.140
   103       -211  pi-                 91    68     0     0     0     0     0      0.328     -0.681      0.501      0.917      0.140
   104        111  (pi0)              -91    68     0   172   173     0     0     -0.393     -0.629      0.449      0.877      0.135
   105        211  pi+                 91    69     0     0     0     0     0      0.200     -0.282      0.503      0.626      0.140
   106        111  (pi0)              -91    69     0   174   175     0     0     -0.471     -0.009      0.762      0.906      0.135
   107       -211  pi-                 91    70     0     0     0     0     0      0.159     -0.358      2.152      2.191      0.140
   108        111  (pi0)              -91    70     0   176   177     0     0     -0.023      0.409      1.654      1.710      0.135
   109        211  pi+                 91    73     0     0     0     0     0      0.188     -0.338     24.667     24.670      0.140
   110       -211  pi-                 91    73     0     0     0     0     0      0.131      0.319      8.412      8.420      0.140
   111        211  pi+                 91    74     0     0     0     0     0      0.230      0.459     24.249     24.255      0.140
   112       -211  pi-                 91    74     0     0     0     0     0     -0.099     -0.103      3.182      3.189      0.140
   113       2112  n0                  91    79     0     0     0     0     0     -0.280      0.196    519.858    519.859      0.940
   114        111  (pi0)              -91    79     0   178   179     0     0     -0.152      0.295    259.525    259.525      0.135
   115        130  K_L0                91    90    90     0     0     0     0      0.072      0.125  -2359.789   2359.789      0.498
   116        310  (K_S0)             -91    97    97   180   181     0     0      0.051      0.186     -6.478      6.500      0.498
   117         22  gamma               91    33     0     0     0     0     0      0.180      0.024     10.479     10.480      0.000
   118         22  gamma               91    33     0     0     0     0     0      0.044      0.096      6.800      6.801      0.000
   119         22  gamma               91    34     0     0     0     0     0      0.087      0.055      0.276      0.294      0.000
   120         22  gamma               91    34     0     0     0     0     0     -0.032      0.118      0.397      0.416      0.000
   121         22  gamma               91    35     0     0     0     0     0     -0.117      0.642     14.431     14.446      0.000
   122         22  gamma               91    35     0     0     0     0     0     -0.069      0.195      3.287      3.293      0.000
   123         22  gamma               91    37     0     0     0     0     0     -0.183     -0.248      0.173      0.354      0.000
   124         22  gamma               91    37     0     0     0     0     0     -0.100     -0.093     -0.012      0.137      0.000
   125        211  pi+                 91    38     0     0     0     0     0      0.355      0.077     -0.135      0.412      0.140
   126       -211  pi-                 91    38     0     0     0     0     0      0.297     -0.128     -0.392      0.527      0.140
   127        111  (pi0)              -91    38     0   182   183     0     0     -0.080      0.036     -0.273      0.317      0.135
   128        111  (pi0)              -91    39     0   184   185     0     0     -0.511      0.096     -0.501      0.735      0.135
   129        111  (pi0)              -91    39     0   186   187     0     0     -0.117     -0.013     -0.240      0.299      0.135
   130        111  (pi0)              -91    39     0   188   189     0     0     -0.035     -0.010     -0.187      0.233      0.135
   131        211  pi+                 91    40     0     0     0     0     0      0.233      0.114     -0.808      0.860      0.140
   132       -211  pi-                 91    40     0     0     0     0     0      0.050      0.326     -0.436      0.564      0.140
   133        111  (pi0)              -91    40     0   190   191     0     0     -0.146      0.507     -0.900      1.052      0.135
   134        111  (pi0)              -91    45     0   192   193     0     0     -0.102     -0.080     -8.900      8.902      0.135
   135        111  (pi0)              -91    45     0   194   195     0     0      0.134     -0.175     -7.666      7.671      0.135
   136        111  (pi0)              -91    45     0   196   197     0     0     -0.037     -0.155    -12.414     12.416      0.135
   137         22  gamma               91    47     0     0     0     0     0      0.007     -0.040    -33.017     33.017      0.000
   138         22  gamma               91    47     0     0     0     0     0      0.088     -0.194    -45.632     45.632      0.000
   139       2112  n0                  91    57     0     0     0     0     0      0.259     -0.053   -443.757    443.758      0.940
   140       -211  pi-                 91    57     0     0     0     0     0      0.027     -0.095   -232.960    232.960      0.140
   141         22  gamma               91    71     0     0     0     0     0      0.221     -0.249      2.502      2.525      0.000
   142         22  gamma               91    71     0     0     0     0     0     -0.000     -0.032      0.682      0.683      0.000
   143        211  pi+                 91    72     0     0     0     0     0      0.041      0.203      5.921      5.926      0.140
   144       -211  pi-                 91    72     0     0     0     0     0     -0.204     -0.019     10.966     10.969      0.140
   145        111  (pi0)              -91    72     0   198   199     0     0     -0.236     -0.227     10.618     10.624      0.135
   146        111  (pi0)              -91    76     0   200   201     0     0      0.609     -0.195     61.302     61.305      0.135
   147        111  (pi0)              -91    76     0   202   203     0     0      0.158     -0.031     15.163     15.165      0.135
   148        111  (pi0)              -91    76     0   204   205     0     0      0.110     -0.126     13.952     13.953      0.135
   149         22  gamma               91    77     0     0     0     0     0      0.027     -0.063     11.106     11.106      0.000
   150         22  gamma               91    77     0     0     0     0     0      0.019     -0.002     46.132     46.132      0.000
   151         22  gamma               91    78     0     0     0     0     0      0.025      0.003      8.250      8.250      0.000
   152         22  gamma               91    78     0     0     0     0     0     -0.155      0.139    106.475    106.475      0.000
   153        211  pi+                 91    80     0     0     0     0     0     -0.081     -0.201   1215.185   1215.185      0.140
   154       -211  pi-                 91    80     0     0     0     0     0      0.201      0.032    917.381    917.381      0.140
   155        111  (pi0)              -91    80     0   206   207     0     0      0.157     -0.030   3077.941   3077.941      0.135
   156        211  pi+                 91    81     0     0     0     0     0     -0.277     -0.232     10.355     10.362      0.140
   157       -211  pi-                 91    81     0     0     0     0     0     -0.119      0.064     15.159     15.161      0.140
   158         22  gamma               91    83     0     0     0     0     0     -0.129     -0.174     -0.261      0.339      0.000
   159         22  gamma               91    83     0     0     0     0     0      0.008      0.015     -0.000      0.016      0.000
   160         22  gamma               91    85     0     0     0     0     0      0.076      0.083    -17.536     17.536      0.000
   161         22  gamma               91    85     0     0     0     0     0      0.008      0.309    -57.834     57.835      0.000
   162       2112  n0                  91    88     0     0     0     0     0     -0.476      0.284   -946.292    946.293      0.940
   163        111  (pi0)              -91    88     0   208   209     0     0     -0.072     -0.013   -252.014    252.014      0.135
   164         22  gamma               91    89     0     0     0     0     0      0.146      0.088   -181.040    181.040      0.000
   165         22  gamma               91    89     0     0     0     0     0     -0.008      0.046    -18.393     18.393      0.000
   166      -2212  pbar-               91    92     0     0     0     0     0     -0.082      0.262   -145.958    145.961      0.938
   167        211  pi+                 91    92     0     0     0     0     0     -0.078      0.006    -41.338     41.338      0.140
   168         22  gamma               91    93     0     0     0     0     0      0.005      0.019     -1.842      1.842      0.000
   169         22  gamma               91    93     0     0     0     0     0     -0.024     -0.046    -75.764     75.764      0.000
   170        111  (pi0)              -91    96     0   210   211     0     0      0.388      0.247     -8.109      8.124      0.135
   171        111  (pi0)              -91    96     0   212   213     0     0      0.167      0.046     -1.178      1.198      0.135
   172         22  gamma               91   104     0     0     0     0     0     -0.005      0.007      0.009      0.012      0.000
   173         22  gamma               91   104     0     0     0     0     0     -0.389     -0.635      0.440      0.865      0.000
   174         22  gamma               91   106     0     0     0     0     0     -0.132      0.058      0.220      0.263      0.000
   175         22  gamma               91   106     0     0     0     0     0     -0.339     -0.068      0.542      0.643      0.000
   176         22  gamma               91   108     0     0     0     0     0     -0.072      0.176      0.636      0.664      0.000
   177         22  gamma               91   108     0     0     0     0     0      0.049      0.233      1.018      1.046      0.000
   178         22  gamma               91   114     0     0     0     0     0     -0.057      0.100     48.657     48.657      0.000
   179         22  gamma               91   114     0     0     0     0     0     -0.096      0.195    210.868    210.868      0.000
   180        111  (pi0)              -91   116     0   214   215     0     0     -0.035      0.277     -5.140      5.149      0.135
   181        111  (pi0)              -91   116     0   216   217     0     0      0.085     -0.091     -1.338      1.350      0.135
   182         22  gamma               91   127     0     0     0     0     0      0.021      0.027     -0.165      0.169      0.000
   183         22  gamma               91   127     0     0     0     0     0     -0.101      0.009     -0.107      0.148      0.000
   184         22  gamma               91   128     0     0     0     0     0     -0.173     -0.031     -0.179      0.251      0.000
   185         22  gamma               91   128     0     0     0     0     0     -0.338      0.127     -0.322      0.484      0.000
   186         22  gamma               91   129     0     0     0     0     0     -0.113     -0.022     -0.256      0.280      0.000
   187         22  gamma               91   129     0     0     0     0     0     -0.005      0.009      0.016      0.019      0.000
   188         22  gamma               91   130     0     0     0     0     0     -0.019      0.047     -0.017      0.054      0.000
   189         22  gamma               91   130     0     0     0     0     0     -0.016     -0.057     -0.169      0.179      0.000
   190         22  gamma               91   133     0     0     0     0     0     -0.129      0.217     -0.377      0.454      0.000
   191         22  gamma               91   133     0     0     0     0     0     -0.017      0.289     -0.523      0.598      0.000
   192         22  gamma               91   134     0     0     0     0     0     -0.080     -0.087     -3.630      3.632      0.000
   193         22  gamma               91   134     0     0     0     0     0     -0.022      0.007     -5.270      5.270      0.000
   194         22  gamma               91   135     0     0     0     0     0      0.005      0.000     -2.215      2.215      0.000
   195         22  gamma               91   135     0     0     0     0     0      0.129     -0.175     -5.451      5.456      0.000
   196         22  gamma               91   136     0     0     0     0     0     -0.041     -0.035     -7.809      7.809      0.000
   197         22  gamma               91   136     0     0     0     0     0      0.004     -0.120     -4.605      4.606      0.000
   198         22  gamma               91   145     0     0     0     0     0     -0.185     -0.151      9.106      9.109      0.000
   199         22  gamma               91   145     0     0     0     0     0     -0.051     -0.076      1.512      1.515      0.000
   200         22  gamma               91   146     0     0     0     0     0      0.516     -0.197     48.463     48.467      0.000
   201         22  gamma               91   146     0     0     0     0     0      0.094      0.002     12.838     12.839      0.000
   202         22  gamma               91   147     0     0     0     0     0      0.122      0.042      9.524      9.525      0.000
   203         22  gamma               91   147     0     0     0     0     0      0.035     -0.072      5.639      5.640      0.000
   204         22  gamma               91   148     0     0     0     0     0      0.142     -0.108     11.613     11.614      0.000
   205         22  gamma               91   148     0     0     0     0     0     -0.032     -0.019      2.339      2.340      0.000
   206         22  gamma               91   155     0     0     0     0     0      0.145     -0.057   2929.644   2929.644      0.000
   207         22  gamma               91   155     0     0     0     0     0      0.013      0.027    148.296    148.296      0.000
   208         22  gamma               91   163     0     0     0     0     0     -0.051      0.020   -233.319    233.319      0.000
   209         22  gamma               91   163     0     0     0     0     0     -0.022     -0.032    -18.695     18.695      0.000
   210         22  gamma               91   170     0     0     0     0     0      0.319      0.216     -7.419      7.429      0.000
   211         22  gamma               91   170     0     0     0     0     0      0.070      0.031     -0.690      0.695      0.000
   212         22  gamma               91   171     0     0     0     0     0      0.184      0.051     -1.149      1.165      0.000
   213         22  gamma               91   171     0     0     0     0     0     -0.016     -0.005     -0.029      0.033      0.000
   214         22  gamma               91   180     0     0     0     0     0      0.010      0.175     -2.095      2.102      0.000
   215         22  gamma               91   180     0     0     0     0     0     -0.045      0.102     -3.045      3.047      0.000
   216         22  gamma               91   181     0     0     0     0     0      0.080     -0.027     -1.119      1.122      0.000
   217         22  gamma               91   181     0     0     0     0     0      0.006     -0.065     -0.218      0.228      0.000
                                   Charge sum:  2.000           Momentum sum:      0.000     -0.000      0.000  13000.000  13000.000

 --------  End PYTHIA Event Listing  -----------------------------------------------------------------------------------------------
 PYTHIA Warning in SimpleSpaceShower::pT2nextQCD: weight above unity
 PYTHIA Error in BeamRemnants::setKinematics: kinematics construction failed after retrying 10 times
 PYTHIA Warning in StringFragmentation::fragmentToJunction: bad convergence junction rest frame

 Pythia::next(): 1000 events have been generated 

 Pythia::next(): 2000 events have been generated 

 Pythia::next(): 3000 events have been generated 
 PYTHIA Warning in Pythia::check: not quite matched particle energy/momentum/mass

 Pythia::next(): 4000 events have been generated 

 Pythia::next(): 5000 events have been generated 
 PYTHIA Warning in SimpleSpaceShower::pT2nextQCD: small daughter PDF

 Pythia::next(): 6000 events have been generated 
 PYTHIA Error in StringFragmentation::fragment: stuck in joining
 PYTHIA Error in Pythia::next: hadronLevel failed; try again

 Pythia::next(): 7000 events have been generated 

 Pythia::next(): 8000 events have been generated 

 Pythia::next(): 9000 events have been generated 

 Pythia::next(): 10000 events have been generated 

 Pythia::next(): 11000 events have been generated 

 Pythia::next(): 12000 events have been generated 

 Pythia::next(): 13000 events have been generated 

 Pythia::next(): 14000 events have been generated 

 Pythia::next(): 15000 events have been generated 

 Pythia::next(): 16000 events have been generated 

 Pythia::next(): 17000 events have been generated 

 Pythia::next(): 18000 events have been generated 

 Pythia::next(): 19000 events have been generated 

 *-------  PYTHIA Event and Cross Section Statistics  -------------------------------------------------------------*
 |                                                                                                                 |
 | Subprocess                                    Code |            Number of events       |      sigma +- delta    |
 |                                                    |       Tried   Selected   Accepted |     (estimated) (mb)   |
 |                                                    |                                   |                        |
 |-----------------------------------------------------------------------------------------------------------------|
 |                                                    |                                   |                        |
 | non-diffractive                                101 |       14570      14570      14570 |   5.642e+01  2.489e-07 |
 | A B -> X B single diffractive                  103 |        1625       1625       1625 |   6.416e+00  0.000e+00 |
 | A B -> A X single diffractive                  104 |        1656       1656       1656 |   6.416e+00  0.000e+00 |
 | A B -> X X double diffractive                  105 |        2149       2149       2149 |   8.798e+00  0.000e+00 |
 |                                                    |                                   |                        |
 | sum                                                |       20000      20000      20000 |   7.805e+01  2.489e-07 |
 |                                                                                                                 |
 *-------  End PYTHIA Event and Cross Section Statistics ----------------------------------------------------------*

 *-------  PYTHIA Error and Warning Messages Statistics  ----------------------------------------------------------* 
 |                                                                                                                 | 
 |  times   message                                                                                                | 
 |                                                                                                                 | 
 |     80   Error in BeamRemnants::setKinematics: kinematics construction failed after retrying 10 times           | 
 |      7   Error in Pythia::next: hadronLevel failed; try again                                                   | 
 |      7   Error in StringFragmentation::fragment: stuck in joining                                               | 
 |      3   Warning in MultipartonInteractions::init: maximum increased                                            | 
 |     30   Warning in Pythia::check: not quite matched particle energy/momentum/mass                              | 
 |      2   Warning in SimpleSpaceShower::pT2nextQCD: small daughter PDF                                           | 
 |    191   Warning in SimpleSpaceShower::pT2nextQCD: weight above unity                                           | 
 |     15   Warning in StringFragmentation::fragmentToJunction: bad convergence junction rest frame                | 
 |                                                                                                                 | 
 *-------  End PYTHIA Error and Warning Messages Statistics  ------------------------------------------------------* 
