
 *------------------------------------------------------------------------------------* 
 |                                                                                    | 
 |  *------------------------------------------------------------------------------*  | 
 |  |                                                                              |  | 
 |  |                                                                              |  | 
 |  |   PPP   Y   Y  TTTTT  H   H  III    A      Welcome to the Lund Monte Carlo!  |  | 
 |  |   P  P   Y Y     T    H   H   I    A A     This is PYTHIA version 8.310      |  | 
 |  |   PPP     Y      T    HHHHH   I   AAAAA    Last date of change: 25 Jul 2023  |  | 
 |  |   P       Y      T    H   H   I   A   A                                      |  | 
 |  |   P       Y      T    H   H  III  A   A    Now is 23 Feb 2026 at 13:04:08    |  | 
 |  |                                                                              |  | 
 |  |   Program documentation and an archive of historic versions is found on:     |  | 
 |  |                                                                              |  | 
 |  |                               https://pythia.org/                            |  | 
 |  |                                                                              |  | 
 |  |   PYTHIA is authored by a collaboration consisting of:                       |  | 
 |  |                                                                              |  | 
 |  |   Christian Bierlich, Naomi Cooke, Nishita Desai, Leif Gellersen,            |  | 
 |  |   Ilkka Helenius, Philip Ilten, Leif Lonnblad, Stephen Mrenna,               |  | 
 |  |   Stefan Prestel, Christian Preuss, Torbjorn Sjostrand, Peter Skands,        |  | 
 |  |   Marius Utheim and Rob Verheyen.                                            |  | 
 |  |                                                                              |  | 
 |  |   The complete list of authors, including contact information and            |  | 
 |  |   affiliations, can be found on https://pythia.org/.                         |  | 
 |  |   Problems or bugs should be reported on email at authors@pythia.org.        |  | 
 |  |                                                                              |  | 
 |  |   The main program reference is C. Bierlich et al,                           |  | 
 |  |   'A comprehensive guide to the physics and usage of Pythia 8.3',            |  | 
 |  |   SciPost Phys. Codebases 8-r8.3 (2022) [arXiv:2203.11601 [hep-ph]]          |  | 
 |  |                                                                              |  | 
 |  |   PYTHIA is released under the GNU General Public Licence version 2 or later.|  | 
 |  |   Please respect the MCnet Guidelines for Event Generator Authors and Users. |  | 
 |  |                                                                              |  | 
 |  |   Disclaimer: this program comes without any guarantees.                     |  | 
 |  |   Beware of errors and use common sense when interpreting results.           |  | 
 |  |                                                                              |  | 
 |  |   Copyright (C) 2023 Torbjorn Sjostrand                                      |  | 
 |  |                                                                              |  | 
 |  |                                                                              |  | 
 |  *------------------------------------------------------------------------------*  | 
 |                                                                                    | 
 *------------------------------------------------------------------------------------* 


 *-------  PYTHIA Process Initialization  --------------------------*
 |                                                                  |
 | We collide p+ with p+ at a CM energy of 2.000e+01 GeV            |
 |                                                                  |
 |------------------------------------------------------------------|
 |                                                    |             |
 | Subprocess                                    Code |   Estimated |
 |                                                    |    max (mb) |
 |                                                    |             |
 |------------------------------------------------------------------|
 |                                                    |             |
 | non-diffractive                                101 |   2.387e+01 |
 | A B -> X B single diffractive                  103 |   3.259e+00 |
 | A B -> A X single diffractive                  104 |   3.259e+00 |
 | A B -> X X double diffractive                  105 |   1.700e+00 |
 | A B -> A X B central diffractive               106 |   0.000e+00 |
 |                                                                  |
 *-------  End PYTHIA Process Initialization -----------------------*

 *-------  PYTHIA Multiparton Interactions Initialization  ---------* 
 |                                                                  | 
 |                   sigmaNonDiffractive =    23.87 mb              | 
 |                                                                  | 
 |    pT0 =  0.65 gives sigmaInteraction =   115.53 mb: accepted    | 
 |                                                                  | 
 *-------  End PYTHIA Multiparton Interactions Initialization  -----* 

 *-------  PYTHIA Multiparton Interactions Initialization  ---------* 
 |                                                                  | 
 |   diffraction XB for p+ on p+                                    | 
 |                                                                  | 
 |   diffractive mass = 1.00e+01 GeV and sigmaNorm =    10.00 mb    | 
 |    pT0 =  0.56 gives sigmaInteraction =    28.23 mb: accepted    | 
 |   diffractive mass = 1.41e+01 GeV and sigmaNorm =    10.00 mb    | 
 |    pT0 =  0.60 gives sigmaInteraction =    29.01 mb: accepted    | 
 |   diffractive mass = 2.00e+01 GeV and sigmaNorm =    10.00 mb    | 
 |    pT0 =  0.65 gives sigmaInteraction =    28.76 mb: accepted    | 
 |                                                                  | 
 *-------  End PYTHIA Multiparton Interactions Initialization  -----* 
 PYTHIA Warning in MultipartonInteractions::init: maximum increased by factor 5.158

 *-------  PYTHIA Multiparton Interactions Initialization  ---------* 
 |                                                                  | 
 |   diffraction AX for p+ on p+                                    | 
 |                                                                  | 
 |   diffractive mass = 1.00e+01 GeV and sigmaNorm =    10.00 mb    | 
 |    pT0 =  0.56 gives sigmaInteraction =    28.36 mb: accepted    | 
 |   diffractive mass = 1.41e+01 GeV and sigmaNorm =    10.00 mb    | 
 |    pT0 =  0.60 gives sigmaInteraction =    28.88 mb: accepted    | 
 |   diffractive mass = 2.00e+01 GeV and sigmaNorm =    10.00 mb    | 
 |    pT0 =  0.65 gives sigmaInteraction =    28.81 mb: accepted    | 
 |                                                                  | 
 *-------  End PYTHIA Multiparton Interactions Initialization  -----* 

 *-------  PYTHIA Multiparton Interactions Initialization  ---------* 
 |                                                                  | 
 |   diffraction AXB for p+ on p+                                   | 
 |                                                                  | 
 |   diffractive mass = 1.00e+01 GeV and sigmaNorm =    10.00 mb    | 
 |    pT0 =  0.56 gives sigmaInteraction =     5.38 mb: rejected    | 
 |    pT0 =  0.50 gives sigmaInteraction =     8.03 mb: rejected    | 
 |    pT0 =  0.45 gives sigmaInteraction =    12.09 mb: accepted    | 
 |   diffractive mass = 1.41e+01 GeV and sigmaNorm =    10.00 mb    | 
 |    pT0 =  0.60 gives sigmaInteraction =     4.72 mb: rejected    | 
 |    pT0 =  0.54 gives sigmaInteraction =     6.88 mb: rejected    | 
 |    pT0 =  0.49 gives sigmaInteraction =    10.21 mb: rejected    | 
 |    pT0 =  0.44 gives sigmaInteraction =    15.14 mb: accepted    | 
 |   diffractive mass = 2.00e+01 GeV and sigmaNorm =    10.00 mb    | 
 |    pT0 =  0.65 gives sigmaInteraction =     4.00 mb: rejected    | 
 |    pT0 =  0.58 gives sigmaInteraction =     5.82 mb: rejected    | 
 |    pT0 =  0.52 gives sigmaInteraction =     8.50 mb: rejected    | 
 |    pT0 =  0.47 gives sigmaInteraction =    12.47 mb: accepted    | 
 |                                                                  | 
 *-------  End PYTHIA Multiparton Interactions Initialization  -----* 

 *-------  PYTHIA Flag + Mode + Parm + Word + FVec + MVec + PVec + WVec Settings (changes only)  ------------------* 
 |                                                                                                                 | 
 | Name                                          |                      Now |      Default         Min         Max | 
 |                                               |                          |                                      | 
 | Beams:eCM                                     |                 20.00000 |    14000.000         0.0             | 
 | Main:numberOfEvents                           |                       50 |         1000           0             | 
 | PDF:lepton                                    |                      off |           on                         | 
 | PDF:pSet                                      |                       14 |           13                         | 
 | Random:seed                                   |                     8310 |           -1               900000000 | 
 | Random:setSeed                                |                       on |          off                         | 
 | SoftQCD:inelastic                             |                       on |          off                         | 
 | SpaceShower:pTmaxMatch                        |                        1 |            0           0           2 | 
 |                                                                                                                 | 
 *-------  End PYTHIA Flag + Mode + Parm + Word + FVec + MVec + PVec + WVec Settings  -----------------------------* 

 --------  PYTHIA Particle Data Table (changed only)  ------------------------------------------------------------------------------
 
      id   name            antiName         spn chg col      m0        mWidth      mMin       mMax       tau0    res dec ext vis wid
             no onMode   bRatio   meMode     products 

 no particle data has been changed from its default value 

 --------  End PYTHIA Particle Data Table  -----------------------------------------------------------------------------------------


 --------  PYTHIA Info Listing  ---------------------------------------- 
 
 Beam A: id =   2212, pz =  9.956e+00, e =  1.000e+01, m =  9.383e-01.
 Beam B: id =   2212, pz = -9.956e+00, e =  1.000e+01, m =  9.383e-01.

 Process A B -> X B single diffractive with code 103 is 2 -> 2.
 It has s =  4.000e+02,    t = -1.955e-01,    u = -3.887e+02,
       pT =  4.375e-01,   m3 =  2.909e+00,   m4 =  9.383e-01,
    theta =  4.481e-02,  phi =  3.690e+00.

 --------  End PYTHIA Info Listing  ------------------------------------

 --------  PYTHIA Event Listing  (hard process)  -----------------------------------------------------------------------------------
 
    no         id  name            status     mothers   daughters     colours      p_x        p_y        p_z         e          m 
     0         90  (system)           -11     0     0     0     0     0     0      0.000      0.000      0.000     20.000     20.000
     1       2212  (p+)               -12     0     0     3     0     0     0      0.000      0.000      9.956     10.000      0.938
     2       2212  (p+)               -12     0     0     4     0     0     0      0.000      0.000     -9.956     10.000      0.938
     3    9902210  p_dif+              15     1     0     0     0     0     0     -0.373     -0.228      9.756     10.190      2.909
     4       2212  p+                  14     2     0     0     0     0     0      0.373      0.228     -9.756      9.810      0.938
                                   Charge sum:  2.000           Momentum sum:      0.000      0.000      0.000     20.000     20.000

 --------  End PYTHIA Event Listing  -----------------------------------------------------------------------------------------------

 --------  PYTHIA Event Listing  (complete event)  ---------------------------------------------------------------------------------
 
    no         id  name            status     mothers   daughters     colours      p_x        p_y        p_z         e          m 
     0         90  (system)           -11     0     0     0     0     0     0      0.000      0.000      0.000     20.000     20.000
     1       2212  (p+)               -12     0     0     3     0     0     0      0.000      0.000      9.956     10.000      0.938
     2       2212  (p+)               -12     0     0     4     0     0     0      0.000      0.000     -9.956     10.000      0.938
     3    9902210  (p_dif+)           -15     1     0     5     6     0     0     -0.373     -0.228      9.756     10.190      2.909
     4       2212  p+                  14     2     0     0     0     0     0      0.373      0.228     -9.756      9.810      0.938
     5          2  (u)                -24     3     0     7     8   101     0     -0.393     -0.240      0.179      0.591      0.325
     6       2101  (ud_0)             -63     3     0     7     8     0   101      0.019      0.012      9.576      9.598      0.650
     7        213  (rho+)             -83     5     6     9    10     0     0     -0.400     -0.256      0.915      1.299      0.791
     8       2112  n0                  84     5     6     0     0     0     0      0.026      0.028      8.841      8.890      0.940
     9        211  pi+                 91     7     0     0     0     0     0     -0.486     -0.226      0.238      0.603      0.140
    10        111  (pi0)              -91     7     0    11    12     0     0      0.086     -0.030      0.677      0.696      0.135
    11         22  gamma               91    10     0     0     0     0     0      0.098     -0.032      0.269      0.288      0.000
    12         22  gamma               91    10     0     0     0     0     0     -0.012      0.002      0.409      0.409      0.000
                                   Charge sum:  2.000           Momentum sum:     -0.000      0.000     -0.000     20.000     20.000

 --------  End PYTHIA Event Listing  -----------------------------------------------------------------------------------------------

 *-------  PYTHIA Event and Cross Section Statistics  -------------------------------------------------------------*
 |                                                                                                                 |
 | Subprocess                                    Code |            Number of events       |      sigma +- delta    |
 |                                                    |       Tried   Selected   Accepted |     (estimated) (mb)   |
 |                                                    |                                   |                        |
 |-----------------------------------------------------------------------------------------------------------------|
 |                                                    |                                   |                        |
 | non-diffractive                                101 |          30         30         30 |   2.387e+01  0.000e+00 |
 | A B -> X B single diffractive                  103 |           9          9          9 |   3.259e+00  0.000e+00 |
 | A B -> A X single diffractive                  104 |           8          8          8 |   3.259e+00  0.000e+00 |
 | A B -> X X double diffractive                  105 |           3          3          3 |   1.700e+00  1.200e-08 |
 |                                                    |                                   |                        |
 | sum                                                |          50         50         50 |   3.208e+01  1.200e-08 |
 |                                                                                                                 |
 *-------  End PYTHIA Event and Cross Section Statistics ----------------------------------------------------------*

 *-------  PYTHIA Error and Warning Messages Statistics  ----------------------------------------------------------* 
 |                                                                                                                 | 
 |  times   message                                                                                                | 
 |                                                                                                                 | 
 |      3   Warning in MultipartonInteractions::init: maximum increased                                            | 
 |                                                                                                                 | 
 *-------  End PYTHIA Error and Warning Messages Statistics  ------------------------------------------------------* 
